tff.q
jkff.q
full_adder.sum
full_adder.carry_out
priority_encoder.out
mux81.out
tb_top_APB_I2C_master.notifier
tb_top_APB_I2C_master.intf.TM
tb_top_APB_I2C_master.intf.SE
tb_top_APB_I2C_master.intf_a.TM
tb_top_APB_I2C_master.intf_a.SE
tb_top_APB_I2C_master.intf_a.PRESETN
tb_top_APB_I2C_master.intf_a.PADDR
tb_top_APB_I2C_master.intf_a.PWDATA
tb_top_APB_I2C_master.intf_a.PWRITE
tb_top_APB_I2C_master.intf_a.PSEL
tb_top_APB_I2C_master.intf_a.PENABLE
tb_top_APB_I2C_master.intf_a.scl_pad_i
tb_top_APB_I2C_master.intf_a.sda_pad_i
tb_top_APB_I2C_master.intf_a.PREADY
tb_top_APB_I2C_master.intf_a.PRDATA
tb_top_APB_I2C_master.intf_a.scl_pad_o
tb_top_APB_I2C_master.intf_a.scl_pad_oe
tb_top_APB_I2C_master.intf_a.sda_pad_o
tb_top_APB_I2C_master.intf_a.sda_pad_oe
tb_top_APB_I2C_master.intf_a.interrupt_pad_o
tb_top_APB_I2C_master.intf_a.slv_scl_pad_o
tb_top_APB_I2C_master.intf_a.slv_scl_pad_oe
tb_top_APB_I2C_master.intf_a.slv_sda_pad_o
tb_top_APB_I2C_master.intf_a.slv_sda_pad_oe
tb_top_APB_I2C_master.intf_a.interrupt_pad_o_a
tb_top_APB_I2C_master.DUT.u_bit_count_comparator.l
tb_top_APB_I2C_master.DUT.u_sta_sto_gen.sda_gen
tb_top_APB_I2C_master.DUT.u_scl_gen.u_comparator_nbit_bit_cnt.l
tb_top_APB_I2C_master.DUT.u_scl_gen.u_comparator_nbit_start.l
tb_top_APB_I2C_master.DUT.u_scl_gen.u_half_adder_1_plus_m1.carry_out
tb_top_APB_I2C_master.DUT.u_scl_gen.u_half_adder_16_plus_m2.carry_out
tb_top_APB_I2C_master.DUT_a.pready
tb_top_APB_I2C_master.DUT_a.prdata
tb_top_APB_I2C_master.DUT_a.scl_pad_o
tb_top_APB_I2C_master.DUT_a.scl_pad_oe
tb_top_APB_I2C_master.DUT_a.sda_pad_o
tb_top_APB_I2C_master.DUT_a.sda_pad_oe
tb_top_APB_I2C_master.DUT_a.interrupt_pad_o
tb_top_APB_I2C_master.DUT_a.apb_i2c_man_sub_intf_twbr_q
tb_top_APB_I2C_master.DUT_a.apb_i2c_man_sub_intf_twar_q
tb_top_APB_I2C_master.DUT_a.apb_i2c_man_sub_intf_twdr_ld_dat
tb_top_APB_I2C_master.DUT_a.apb_i2c_man_sub_intf_twdr_ld_en
tb_top_APB_I2C_master.DUT_a.apb_i2c_man_sub_intf_twint
tb_top_APB_I2C_master.DUT_a.apb_i2c_man_sub_intf_twea
tb_top_APB_I2C_master.DUT_a.apb_i2c_man_sub_intf_twsta
tb_top_APB_I2C_master.DUT_a.apb_i2c_man_sub_intf_twsto
tb_top_APB_I2C_master.DUT_a.apb_i2c_man_sub_intf_twen
tb_top_APB_I2C_master.DUT_a.apb_i2c_man_sub_intf_twps
tb_top_APB_I2C_master.DUT_a.mst_ctrl_fsm_gen_sta
tb_top_APB_I2C_master.DUT_a.mst_ctrl_fsm_gen_sto
tb_top_APB_I2C_master.DUT_a.mst_ctrl_fsm_scl_en
tb_top_APB_I2C_master.DUT_a.mst_ctrl_fsm_sda_scl_driver_sel
tb_top_APB_I2C_master.DUT_a.mst_ctrl_fsm_twint_hardware_d
tb_top_APB_I2C_master.DUT_a.mst_ctrl_fsm_twsr_d_sel
tb_top_APB_I2C_master.DUT_a.mst_ctrl_fsm_twsr_wr_en
tb_top_APB_I2C_master.DUT_a.mst_ctrl_fsm_twdr_mode
tb_top_APB_I2C_master.DUT_a.mst_ctrl_fsm_clr_bit_cntr
tb_top_APB_I2C_master.DUT_a.mst_ctrl_fsm_start_flag_set
tb_top_APB_I2C_master.DUT_a.mst_ctrl_fsm_start_flag_clr
tb_top_APB_I2C_master.DUT_a.mst_ctrl_fsm_repeat_flag_set
tb_top_APB_I2C_master.DUT_a.mst_ctrl_fsm_repeat_flag_clr
tb_top_APB_I2C_master.DUT_a.mst_ctrl_fsm_rw_flag_set
tb_top_APB_I2C_master.DUT_a.mst_ctrl_fsm_rw_flag_clr
tb_top_APB_I2C_master.DUT_a.mst_ctrl_fsm_ack_flag_set
tb_top_APB_I2C_master.DUT_a.mst_ctrl_fsm_ack_flag_clr
tb_top_APB_I2C_master.DUT_a.mst_ctrl_fsm_clr_twsto
tb_top_APB_I2C_master.DUT_a.mst_ctrl_fsm_clear_cntr_start
tb_top_APB_I2C_master.DUT_a.usr_twdr_mode
tb_top_APB_I2C_master.DUT_a.twdr_data
tb_top_APB_I2C_master.DUT_a.bit_cntr_out
tb_top_APB_I2C_master.DUT_a.comp_match_bit_cntr
tb_top_APB_I2C_master.DUT_a.sta_sto_gen_sda
tb_top_APB_I2C_master.DUT_a.sta_sto_gen_scl
tb_top_APB_I2C_master.DUT_a.scl_gen_comp_match
tb_top_APB_I2C_master.DUT_a.start_gen_comp_match
tb_top_APB_I2C_master.DUT_a.twsr_load_status
tb_top_APB_I2C_master.DUT_a.scl_gen_temp_scl
tb_top_APB_I2C_master.DUT_a.scl_en
tb_top_APB_I2C_master.DUT_a.mst_ctrl_fsm_sda_ack_bit
tb_top_APB_I2C_master.DUT_a.start_flag
tb_top_APB_I2C_master.DUT_a.start_flag_temp
tb_top_APB_I2C_master.DUT_a.repeat_flag
tb_top_APB_I2C_master.DUT_a.repeat_flag_temp
tb_top_APB_I2C_master.DUT_a.rw_flag
tb_top_APB_I2C_master.DUT_a.rw_flag_temp
tb_top_APB_I2C_master.DUT_a.ack_flag
tb_top_APB_I2C_master.DUT_a.ack_flag_temp
tb_top_APB_I2C_master.DUT_a.start_sel_eq_1
tb_top_APB_I2C_master.DUT_a.slave_addressed_sel_eq
tb_top_APB_I2C_master.DUT_a.u_bit_count_comparator.l
tb_top_APB_I2C_master.DUT_a.u_sta_sto_gen.sda_gen
tb_top_APB_I2C_master.DUT_a.u_scl_gen.u_comparator_nbit_bit_cnt.l
tb_top_APB_I2C_master.DUT_a.u_scl_gen.u_comparator_nbit_start.l
tb_top_APB_I2C_master.DUT_a.u_scl_gen.u_half_adder_1_plus_m1.carry_out
tb_top_APB_I2C_master.DUT_a.u_scl_gen.u_half_adder_16_plus_m2.carry_out
tff.clk
tff.resetn
tff.t
jkff.clk
jkff.resetn
jkff.j
jkff.k
full_adder.a
full_adder.b
full_adder.carry_in
priority_encoder.in
mux81.i0
mux81.i1
mux81.i2
mux81.i3
mux81.i4
mux81.i5
mux81.i6
mux81.i7
mux81.sel
tb_top_APB_I2C_master.intf_a.PCLK
tb_top_APB_I2C_master.intf_a.SCL
tb_top_APB_I2C_master.intf_a.SDA
tb_top_APB_I2C_master.DUT.u_apb_i2c_man_sub_intf.apb_i2c_man_sub_intf_flop_en
tb_top_APB_I2C_master.DUT.u_apb_i2c_man_sub_intf.twsr_load_status[0]
tb_top_APB_I2C_master.DUT.u_apb_i2c_man_sub_intf.twsr_load_status[1]
tb_top_APB_I2C_master.DUT.u_apb_i2c_man_sub_intf.twsr_load_status[2]
tb_top_APB_I2C_master.DUT.u_apb_i2c_man_sub_intf.prdata[8]
tb_top_APB_I2C_master.DUT.u_apb_i2c_man_sub_intf.prdata[9]
tb_top_APB_I2C_master.DUT.u_apb_i2c_man_sub_intf.prdata[10]
tb_top_APB_I2C_master.DUT.u_apb_i2c_man_sub_intf.prdata[11]
tb_top_APB_I2C_master.DUT.u_apb_i2c_man_sub_intf.prdata[12]
tb_top_APB_I2C_master.DUT.u_apb_i2c_man_sub_intf.prdata[13]
tb_top_APB_I2C_master.DUT.u_apb_i2c_man_sub_intf.prdata[14]
tb_top_APB_I2C_master.DUT.u_apb_i2c_man_sub_intf.prdata[15]
tb_top_APB_I2C_master.DUT.u_apb_i2c_man_sub_intf.prdata[16]
tb_top_APB_I2C_master.DUT.u_apb_i2c_man_sub_intf.prdata[17]
tb_top_APB_I2C_master.DUT.u_apb_i2c_man_sub_intf.prdata[18]
tb_top_APB_I2C_master.DUT.u_apb_i2c_man_sub_intf.prdata[19]
tb_top_APB_I2C_master.DUT.u_apb_i2c_man_sub_intf.prdata[20]
tb_top_APB_I2C_master.DUT.u_apb_i2c_man_sub_intf.prdata[21]
tb_top_APB_I2C_master.DUT.u_apb_i2c_man_sub_intf.prdata[22]
tb_top_APB_I2C_master.DUT.u_apb_i2c_man_sub_intf.prdata[23]
tb_top_APB_I2C_master.DUT.u_apb_i2c_man_sub_intf.prdata[24]
tb_top_APB_I2C_master.DUT.u_apb_i2c_man_sub_intf.prdata[25]
tb_top_APB_I2C_master.DUT.u_apb_i2c_man_sub_intf.prdata[26]
tb_top_APB_I2C_master.DUT.u_apb_i2c_man_sub_intf.prdata[27]
tb_top_APB_I2C_master.DUT.u_apb_i2c_man_sub_intf.prdata[28]
tb_top_APB_I2C_master.DUT.u_apb_i2c_man_sub_intf.prdata[29]
tb_top_APB_I2C_master.DUT.u_apb_i2c_man_sub_intf.prdata[30]
tb_top_APB_I2C_master.DUT.u_apb_i2c_man_sub_intf.prdata[31]
tb_top_APB_I2C_master.DUT.u_apb_i2c_man_sub_intf.addr[0]
tb_top_APB_I2C_master.DUT.u_apb_i2c_man_sub_intf.addr[1]
tb_top_APB_I2C_master.DUT.u_apb_i2c_man_sub_intf.addr[5]
tb_top_APB_I2C_master.DUT.u_apb_i2c_man_sub_intf.addr[6]
tb_top_APB_I2C_master.DUT.u_apb_i2c_man_sub_intf.addr[7]
tb_top_APB_I2C_master.DUT.u_apb_i2c_man_sub_intf.addr[8]
tb_top_APB_I2C_master.DUT.u_apb_i2c_man_sub_intf.addr[9]
tb_top_APB_I2C_master.DUT.u_apb_i2c_man_sub_intf.addr[10]
tb_top_APB_I2C_master.DUT.u_apb_i2c_man_sub_intf.addr[11]
tb_top_APB_I2C_master.DUT.u_apb_i2c_man_sub_intf.addr[12]
tb_top_APB_I2C_master.DUT.u_apb_i2c_man_sub_intf.addr[13]
tb_top_APB_I2C_master.DUT.u_apb_i2c_man_sub_intf.addr[14]
tb_top_APB_I2C_master.DUT.u_apb_i2c_man_sub_intf.addr[15]
tb_top_APB_I2C_master.DUT.u_apb_i2c_man_sub_intf.addr[16]
tb_top_APB_I2C_master.DUT.u_apb_i2c_man_sub_intf.addr[17]
tb_top_APB_I2C_master.DUT.u_apb_i2c_man_sub_intf.addr[18]
tb_top_APB_I2C_master.DUT.u_apb_i2c_man_sub_intf.addr[19]
tb_top_APB_I2C_master.DUT.u_apb_i2c_man_sub_intf.addr[20]
tb_top_APB_I2C_master.DUT.u_apb_i2c_man_sub_intf.addr[21]
tb_top_APB_I2C_master.DUT.u_apb_i2c_man_sub_intf.addr[22]
tb_top_APB_I2C_master.DUT.u_apb_i2c_man_sub_intf.addr[23]
tb_top_APB_I2C_master.DUT.u_apb_i2c_man_sub_intf.addr[24]
tb_top_APB_I2C_master.DUT.u_apb_i2c_man_sub_intf.addr[25]
tb_top_APB_I2C_master.DUT.u_apb_i2c_man_sub_intf.addr[26]
tb_top_APB_I2C_master.DUT.u_apb_i2c_man_sub_intf.addr[27]
tb_top_APB_I2C_master.DUT.u_apb_i2c_man_sub_intf.addr[28]
tb_top_APB_I2C_master.DUT.u_apb_i2c_man_sub_intf.addr[29]
tb_top_APB_I2C_master.DUT.u_apb_i2c_man_sub_intf.addr[30]
tb_top_APB_I2C_master.DUT.u_apb_i2c_man_sub_intf.addr[31]
tb_top_APB_I2C_master.DUT.u_apb_i2c_man_sub_intf.rdata[8]
tb_top_APB_I2C_master.DUT.u_apb_i2c_man_sub_intf.rdata[9]
tb_top_APB_I2C_master.DUT.u_apb_i2c_man_sub_intf.rdata[10]
tb_top_APB_I2C_master.DUT.u_apb_i2c_man_sub_intf.rdata[11]
tb_top_APB_I2C_master.DUT.u_apb_i2c_man_sub_intf.rdata[12]
tb_top_APB_I2C_master.DUT.u_apb_i2c_man_sub_intf.rdata[13]
tb_top_APB_I2C_master.DUT.u_apb_i2c_man_sub_intf.rdata[14]
tb_top_APB_I2C_master.DUT.u_apb_i2c_man_sub_intf.rdata[15]
tb_top_APB_I2C_master.DUT.u_apb_i2c_man_sub_intf.rdata[16]
tb_top_APB_I2C_master.DUT.u_apb_i2c_man_sub_intf.rdata[17]
tb_top_APB_I2C_master.DUT.u_apb_i2c_man_sub_intf.rdata[18]
tb_top_APB_I2C_master.DUT.u_apb_i2c_man_sub_intf.rdata[19]
tb_top_APB_I2C_master.DUT.u_apb_i2c_man_sub_intf.rdata[20]
tb_top_APB_I2C_master.DUT.u_apb_i2c_man_sub_intf.rdata[21]
tb_top_APB_I2C_master.DUT.u_apb_i2c_man_sub_intf.rdata[22]
tb_top_APB_I2C_master.DUT.u_apb_i2c_man_sub_intf.rdata[23]
tb_top_APB_I2C_master.DUT.u_apb_i2c_man_sub_intf.rdata[24]
tb_top_APB_I2C_master.DUT.u_apb_i2c_man_sub_intf.rdata[25]
tb_top_APB_I2C_master.DUT.u_apb_i2c_man_sub_intf.rdata[26]
tb_top_APB_I2C_master.DUT.u_apb_i2c_man_sub_intf.rdata[27]
tb_top_APB_I2C_master.DUT.u_apb_i2c_man_sub_intf.rdata[28]
tb_top_APB_I2C_master.DUT.u_apb_i2c_man_sub_intf.rdata[29]
tb_top_APB_I2C_master.DUT.u_apb_i2c_man_sub_intf.rdata[30]
tb_top_APB_I2C_master.DUT.u_apb_i2c_man_sub_intf.rdata[31]
tb_top_APB_I2C_master.DUT.u_apb_i2c_man_sub_intf.twcr_d[1]
tb_top_APB_I2C_master.DUT.u_apb_i2c_man_sub_intf.twcr_d[8]
tb_top_APB_I2C_master.DUT.u_apb_i2c_man_sub_intf.twcr_d[9]
tb_top_APB_I2C_master.DUT.u_apb_i2c_man_sub_intf.twcr_d[10]
tb_top_APB_I2C_master.DUT.u_apb_i2c_man_sub_intf.twcr_d[11]
tb_top_APB_I2C_master.DUT.u_apb_i2c_man_sub_intf.twcr_d[12]
tb_top_APB_I2C_master.DUT.u_apb_i2c_man_sub_intf.twcr_d[13]
tb_top_APB_I2C_master.DUT.u_apb_i2c_man_sub_intf.twcr_d[14]
tb_top_APB_I2C_master.DUT.u_apb_i2c_man_sub_intf.twcr_d[15]
tb_top_APB_I2C_master.DUT.u_apb_i2c_man_sub_intf.twcr_d[16]
tb_top_APB_I2C_master.DUT.u_apb_i2c_man_sub_intf.twcr_d[17]
tb_top_APB_I2C_master.DUT.u_apb_i2c_man_sub_intf.twcr_d[18]
tb_top_APB_I2C_master.DUT.u_apb_i2c_man_sub_intf.twcr_d[19]
tb_top_APB_I2C_master.DUT.u_apb_i2c_man_sub_intf.twcr_d[20]
tb_top_APB_I2C_master.DUT.u_apb_i2c_man_sub_intf.twcr_d[21]
tb_top_APB_I2C_master.DUT.u_apb_i2c_man_sub_intf.twcr_d[22]
tb_top_APB_I2C_master.DUT.u_apb_i2c_man_sub_intf.twcr_d[23]
tb_top_APB_I2C_master.DUT.u_apb_i2c_man_sub_intf.twcr_d[24]
tb_top_APB_I2C_master.DUT.u_apb_i2c_man_sub_intf.twcr_d[25]
tb_top_APB_I2C_master.DUT.u_apb_i2c_man_sub_intf.twcr_d[26]
tb_top_APB_I2C_master.DUT.u_apb_i2c_man_sub_intf.twcr_d[27]
tb_top_APB_I2C_master.DUT.u_apb_i2c_man_sub_intf.twcr_d[28]
tb_top_APB_I2C_master.DUT.u_apb_i2c_man_sub_intf.twcr_d[29]
tb_top_APB_I2C_master.DUT.u_apb_i2c_man_sub_intf.twcr_d[30]
tb_top_APB_I2C_master.DUT.u_apb_i2c_man_sub_intf.twcr_d[31]
tb_top_APB_I2C_master.DUT.u_apb_i2c_man_sub_intf.twcr_q[1]
tb_top_APB_I2C_master.DUT.u_apb_i2c_man_sub_intf.twcr_q[8]
tb_top_APB_I2C_master.DUT.u_apb_i2c_man_sub_intf.twcr_q[9]
tb_top_APB_I2C_master.DUT.u_apb_i2c_man_sub_intf.twcr_q[10]
tb_top_APB_I2C_master.DUT.u_apb_i2c_man_sub_intf.twcr_q[11]
tb_top_APB_I2C_master.DUT.u_apb_i2c_man_sub_intf.twcr_q[12]
tb_top_APB_I2C_master.DUT.u_apb_i2c_man_sub_intf.twcr_q[13]
tb_top_APB_I2C_master.DUT.u_apb_i2c_man_sub_intf.twcr_q[14]
tb_top_APB_I2C_master.DUT.u_apb_i2c_man_sub_intf.twcr_q[15]
tb_top_APB_I2C_master.DUT.u_apb_i2c_man_sub_intf.twcr_q[16]
tb_top_APB_I2C_master.DUT.u_apb_i2c_man_sub_intf.twcr_q[17]
tb_top_APB_I2C_master.DUT.u_apb_i2c_man_sub_intf.twcr_q[18]
tb_top_APB_I2C_master.DUT.u_apb_i2c_man_sub_intf.twcr_q[19]
tb_top_APB_I2C_master.DUT.u_apb_i2c_man_sub_intf.twcr_q[20]
tb_top_APB_I2C_master.DUT.u_apb_i2c_man_sub_intf.twcr_q[21]
tb_top_APB_I2C_master.DUT.u_apb_i2c_man_sub_intf.twcr_q[22]
tb_top_APB_I2C_master.DUT.u_apb_i2c_man_sub_intf.twcr_q[23]
tb_top_APB_I2C_master.DUT.u_apb_i2c_man_sub_intf.twcr_q[24]
tb_top_APB_I2C_master.DUT.u_apb_i2c_man_sub_intf.twcr_q[25]
tb_top_APB_I2C_master.DUT.u_apb_i2c_man_sub_intf.twcr_q[26]
tb_top_APB_I2C_master.DUT.u_apb_i2c_man_sub_intf.twcr_q[27]
tb_top_APB_I2C_master.DUT.u_apb_i2c_man_sub_intf.twcr_q[28]
tb_top_APB_I2C_master.DUT.u_apb_i2c_man_sub_intf.twcr_q[29]
tb_top_APB_I2C_master.DUT.u_apb_i2c_man_sub_intf.twcr_q[30]
tb_top_APB_I2C_master.DUT.u_apb_i2c_man_sub_intf.twcr_q[31]
tb_top_APB_I2C_master.DUT.u_apb_i2c_man_sub_intf.twar_d[8]
tb_top_APB_I2C_master.DUT.u_apb_i2c_man_sub_intf.twar_d[9]
tb_top_APB_I2C_master.DUT.u_apb_i2c_man_sub_intf.twar_d[10]
tb_top_APB_I2C_master.DUT.u_apb_i2c_man_sub_intf.twar_d[11]
tb_top_APB_I2C_master.DUT.u_apb_i2c_man_sub_intf.twar_d[12]
tb_top_APB_I2C_master.DUT.u_apb_i2c_man_sub_intf.twar_d[13]
tb_top_APB_I2C_master.DUT.u_apb_i2c_man_sub_intf.twar_d[14]
tb_top_APB_I2C_master.DUT.u_apb_i2c_man_sub_intf.twar_d[15]
tb_top_APB_I2C_master.DUT.u_apb_i2c_man_sub_intf.twar_d[16]
tb_top_APB_I2C_master.DUT.u_apb_i2c_man_sub_intf.twar_d[17]
tb_top_APB_I2C_master.DUT.u_apb_i2c_man_sub_intf.twar_d[18]
tb_top_APB_I2C_master.DUT.u_apb_i2c_man_sub_intf.twar_d[19]
tb_top_APB_I2C_master.DUT.u_apb_i2c_man_sub_intf.twar_d[20]
tb_top_APB_I2C_master.DUT.u_apb_i2c_man_sub_intf.twar_d[21]
tb_top_APB_I2C_master.DUT.u_apb_i2c_man_sub_intf.twar_d[22]
tb_top_APB_I2C_master.DUT.u_apb_i2c_man_sub_intf.twar_d[23]
tb_top_APB_I2C_master.DUT.u_apb_i2c_man_sub_intf.twar_d[24]
tb_top_APB_I2C_master.DUT.u_apb_i2c_man_sub_intf.twar_d[25]
tb_top_APB_I2C_master.DUT.u_apb_i2c_man_sub_intf.twar_d[26]
tb_top_APB_I2C_master.DUT.u_apb_i2c_man_sub_intf.twar_d[27]
tb_top_APB_I2C_master.DUT.u_apb_i2c_man_sub_intf.twar_d[28]
tb_top_APB_I2C_master.DUT.u_apb_i2c_man_sub_intf.twar_d[29]
tb_top_APB_I2C_master.DUT.u_apb_i2c_man_sub_intf.twar_d[30]
tb_top_APB_I2C_master.DUT.u_apb_i2c_man_sub_intf.twar_d[31]
tb_top_APB_I2C_master.DUT.u_apb_i2c_man_sub_intf.twar_q[8]
tb_top_APB_I2C_master.DUT.u_apb_i2c_man_sub_intf.twar_q[9]
tb_top_APB_I2C_master.DUT.u_apb_i2c_man_sub_intf.twar_q[10]
tb_top_APB_I2C_master.DUT.u_apb_i2c_man_sub_intf.twar_q[11]
tb_top_APB_I2C_master.DUT.u_apb_i2c_man_sub_intf.twar_q[12]
tb_top_APB_I2C_master.DUT.u_apb_i2c_man_sub_intf.twar_q[13]
tb_top_APB_I2C_master.DUT.u_apb_i2c_man_sub_intf.twar_q[14]
tb_top_APB_I2C_master.DUT.u_apb_i2c_man_sub_intf.twar_q[15]
tb_top_APB_I2C_master.DUT.u_apb_i2c_man_sub_intf.twar_q[16]
tb_top_APB_I2C_master.DUT.u_apb_i2c_man_sub_intf.twar_q[17]
tb_top_APB_I2C_master.DUT.u_apb_i2c_man_sub_intf.twar_q[18]
tb_top_APB_I2C_master.DUT.u_apb_i2c_man_sub_intf.twar_q[19]
tb_top_APB_I2C_master.DUT.u_apb_i2c_man_sub_intf.twar_q[20]
tb_top_APB_I2C_master.DUT.u_apb_i2c_man_sub_intf.twar_q[21]
tb_top_APB_I2C_master.DUT.u_apb_i2c_man_sub_intf.twar_q[22]
tb_top_APB_I2C_master.DUT.u_apb_i2c_man_sub_intf.twar_q[23]
tb_top_APB_I2C_master.DUT.u_apb_i2c_man_sub_intf.twar_q[24]
tb_top_APB_I2C_master.DUT.u_apb_i2c_man_sub_intf.twar_q[25]
tb_top_APB_I2C_master.DUT.u_apb_i2c_man_sub_intf.twar_q[26]
tb_top_APB_I2C_master.DUT.u_apb_i2c_man_sub_intf.twar_q[27]
tb_top_APB_I2C_master.DUT.u_apb_i2c_man_sub_intf.twar_q[28]
tb_top_APB_I2C_master.DUT.u_apb_i2c_man_sub_intf.twar_q[29]
tb_top_APB_I2C_master.DUT.u_apb_i2c_man_sub_intf.twar_q[30]
tb_top_APB_I2C_master.DUT.u_apb_i2c_man_sub_intf.twar_q[31]
tb_top_APB_I2C_master.DUT.u_apb_i2c_man_sub_intf.twsr_d[2]
tb_top_APB_I2C_master.DUT.u_apb_i2c_man_sub_intf.twsr_d[8]
tb_top_APB_I2C_master.DUT.u_apb_i2c_man_sub_intf.twsr_d[9]
tb_top_APB_I2C_master.DUT.u_apb_i2c_man_sub_intf.twsr_d[10]
tb_top_APB_I2C_master.DUT.u_apb_i2c_man_sub_intf.twsr_d[11]
tb_top_APB_I2C_master.DUT.u_apb_i2c_man_sub_intf.twsr_d[12]
tb_top_APB_I2C_master.DUT.u_apb_i2c_man_sub_intf.twsr_d[13]
tb_top_APB_I2C_master.DUT.u_apb_i2c_man_sub_intf.twsr_d[14]
tb_top_APB_I2C_master.DUT.u_apb_i2c_man_sub_intf.twsr_d[15]
tb_top_APB_I2C_master.DUT.u_apb_i2c_man_sub_intf.twsr_d[16]
tb_top_APB_I2C_master.DUT.u_apb_i2c_man_sub_intf.twsr_d[17]
tb_top_APB_I2C_master.DUT.u_apb_i2c_man_sub_intf.twsr_d[18]
tb_top_APB_I2C_master.DUT.u_apb_i2c_man_sub_intf.twsr_d[19]
tb_top_APB_I2C_master.DUT.u_apb_i2c_man_sub_intf.twsr_d[20]
tb_top_APB_I2C_master.DUT.u_apb_i2c_man_sub_intf.twsr_d[21]
tb_top_APB_I2C_master.DUT.u_apb_i2c_man_sub_intf.twsr_d[22]
tb_top_APB_I2C_master.DUT.u_apb_i2c_man_sub_intf.twsr_d[23]
tb_top_APB_I2C_master.DUT.u_apb_i2c_man_sub_intf.twsr_d[24]
tb_top_APB_I2C_master.DUT.u_apb_i2c_man_sub_intf.twsr_d[25]
tb_top_APB_I2C_master.DUT.u_apb_i2c_man_sub_intf.twsr_d[26]
tb_top_APB_I2C_master.DUT.u_apb_i2c_man_sub_intf.twsr_d[27]
tb_top_APB_I2C_master.DUT.u_apb_i2c_man_sub_intf.twsr_d[28]
tb_top_APB_I2C_master.DUT.u_apb_i2c_man_sub_intf.twsr_d[29]
tb_top_APB_I2C_master.DUT.u_apb_i2c_man_sub_intf.twsr_d[30]
tb_top_APB_I2C_master.DUT.u_apb_i2c_man_sub_intf.twsr_d[31]
tb_top_APB_I2C_master.DUT.u_apb_i2c_man_sub_intf.twsr_q[2]
tb_top_APB_I2C_master.DUT.u_apb_i2c_man_sub_intf.twsr_q[8]
tb_top_APB_I2C_master.DUT.u_apb_i2c_man_sub_intf.twsr_q[9]
tb_top_APB_I2C_master.DUT.u_apb_i2c_man_sub_intf.twsr_q[10]
tb_top_APB_I2C_master.DUT.u_apb_i2c_man_sub_intf.twsr_q[11]
tb_top_APB_I2C_master.DUT.u_apb_i2c_man_sub_intf.twsr_q[12]
tb_top_APB_I2C_master.DUT.u_apb_i2c_man_sub_intf.twsr_q[13]
tb_top_APB_I2C_master.DUT.u_apb_i2c_man_sub_intf.twsr_q[14]
tb_top_APB_I2C_master.DUT.u_apb_i2c_man_sub_intf.twsr_q[15]
tb_top_APB_I2C_master.DUT.u_apb_i2c_man_sub_intf.twsr_q[16]
tb_top_APB_I2C_master.DUT.u_apb_i2c_man_sub_intf.twsr_q[17]
tb_top_APB_I2C_master.DUT.u_apb_i2c_man_sub_intf.twsr_q[18]
tb_top_APB_I2C_master.DUT.u_apb_i2c_man_sub_intf.twsr_q[19]
tb_top_APB_I2C_master.DUT.u_apb_i2c_man_sub_intf.twsr_q[20]
tb_top_APB_I2C_master.DUT.u_apb_i2c_man_sub_intf.twsr_q[21]
tb_top_APB_I2C_master.DUT.u_apb_i2c_man_sub_intf.twsr_q[22]
tb_top_APB_I2C_master.DUT.u_apb_i2c_man_sub_intf.twsr_q[23]
tb_top_APB_I2C_master.DUT.u_apb_i2c_man_sub_intf.twsr_q[24]
tb_top_APB_I2C_master.DUT.u_apb_i2c_man_sub_intf.twsr_q[25]
tb_top_APB_I2C_master.DUT.u_apb_i2c_man_sub_intf.twsr_q[26]
tb_top_APB_I2C_master.DUT.u_apb_i2c_man_sub_intf.twsr_q[27]
tb_top_APB_I2C_master.DUT.u_apb_i2c_man_sub_intf.twsr_q[28]
tb_top_APB_I2C_master.DUT.u_apb_i2c_man_sub_intf.twsr_q[29]
tb_top_APB_I2C_master.DUT.u_apb_i2c_man_sub_intf.twsr_q[30]
tb_top_APB_I2C_master.DUT.u_apb_i2c_man_sub_intf.twsr_q[31]
tb_top_APB_I2C_master.DUT.u_apb_i2c_man_sub_intf.twbr_d[8]
tb_top_APB_I2C_master.DUT.u_apb_i2c_man_sub_intf.twbr_d[9]
tb_top_APB_I2C_master.DUT.u_apb_i2c_man_sub_intf.twbr_d[10]
tb_top_APB_I2C_master.DUT.u_apb_i2c_man_sub_intf.twbr_d[11]
tb_top_APB_I2C_master.DUT.u_apb_i2c_man_sub_intf.twbr_d[12]
tb_top_APB_I2C_master.DUT.u_apb_i2c_man_sub_intf.twbr_d[13]
tb_top_APB_I2C_master.DUT.u_apb_i2c_man_sub_intf.twbr_d[14]
tb_top_APB_I2C_master.DUT.u_apb_i2c_man_sub_intf.twbr_d[15]
tb_top_APB_I2C_master.DUT.u_apb_i2c_man_sub_intf.twbr_d[16]
tb_top_APB_I2C_master.DUT.u_apb_i2c_man_sub_intf.twbr_d[17]
tb_top_APB_I2C_master.DUT.u_apb_i2c_man_sub_intf.twbr_d[18]
tb_top_APB_I2C_master.DUT.u_apb_i2c_man_sub_intf.twbr_d[19]
tb_top_APB_I2C_master.DUT.u_apb_i2c_man_sub_intf.twbr_d[20]
tb_top_APB_I2C_master.DUT.u_apb_i2c_man_sub_intf.twbr_d[21]
tb_top_APB_I2C_master.DUT.u_apb_i2c_man_sub_intf.twbr_d[22]
tb_top_APB_I2C_master.DUT.u_apb_i2c_man_sub_intf.twbr_d[23]
tb_top_APB_I2C_master.DUT.u_apb_i2c_man_sub_intf.twbr_d[24]
tb_top_APB_I2C_master.DUT.u_apb_i2c_man_sub_intf.twbr_d[25]
tb_top_APB_I2C_master.DUT.u_apb_i2c_man_sub_intf.twbr_d[26]
tb_top_APB_I2C_master.DUT.u_apb_i2c_man_sub_intf.twbr_d[27]
tb_top_APB_I2C_master.DUT.u_apb_i2c_man_sub_intf.twbr_d[28]
tb_top_APB_I2C_master.DUT.u_apb_i2c_man_sub_intf.twbr_d[29]
tb_top_APB_I2C_master.DUT.u_apb_i2c_man_sub_intf.twbr_d[30]
tb_top_APB_I2C_master.DUT.u_apb_i2c_man_sub_intf.twbr_d[31]
tb_top_APB_I2C_master.DUT.u_apb_i2c_man_sub_intf.twbr_q[8]
tb_top_APB_I2C_master.DUT.u_apb_i2c_man_sub_intf.twbr_q[9]
tb_top_APB_I2C_master.DUT.u_apb_i2c_man_sub_intf.twbr_q[10]
tb_top_APB_I2C_master.DUT.u_apb_i2c_man_sub_intf.twbr_q[11]
tb_top_APB_I2C_master.DUT.u_apb_i2c_man_sub_intf.twbr_q[12]
tb_top_APB_I2C_master.DUT.u_apb_i2c_man_sub_intf.twbr_q[13]
tb_top_APB_I2C_master.DUT.u_apb_i2c_man_sub_intf.twbr_q[14]
tb_top_APB_I2C_master.DUT.u_apb_i2c_man_sub_intf.twbr_q[15]
tb_top_APB_I2C_master.DUT.u_apb_i2c_man_sub_intf.twbr_q[16]
tb_top_APB_I2C_master.DUT.u_apb_i2c_man_sub_intf.twbr_q[17]
tb_top_APB_I2C_master.DUT.u_apb_i2c_man_sub_intf.twbr_q[18]
tb_top_APB_I2C_master.DUT.u_apb_i2c_man_sub_intf.twbr_q[19]
tb_top_APB_I2C_master.DUT.u_apb_i2c_man_sub_intf.twbr_q[20]
tb_top_APB_I2C_master.DUT.u_apb_i2c_man_sub_intf.twbr_q[21]
tb_top_APB_I2C_master.DUT.u_apb_i2c_man_sub_intf.twbr_q[22]
tb_top_APB_I2C_master.DUT.u_apb_i2c_man_sub_intf.twbr_q[23]
tb_top_APB_I2C_master.DUT.u_apb_i2c_man_sub_intf.twbr_q[24]
tb_top_APB_I2C_master.DUT.u_apb_i2c_man_sub_intf.twbr_q[25]
tb_top_APB_I2C_master.DUT.u_apb_i2c_man_sub_intf.twbr_q[26]
tb_top_APB_I2C_master.DUT.u_apb_i2c_man_sub_intf.twbr_q[27]
tb_top_APB_I2C_master.DUT.u_apb_i2c_man_sub_intf.twbr_q[28]
tb_top_APB_I2C_master.DUT.u_apb_i2c_man_sub_intf.twbr_q[29]
tb_top_APB_I2C_master.DUT.u_apb_i2c_man_sub_intf.twbr_q[30]
tb_top_APB_I2C_master.DUT.u_apb_i2c_man_sub_intf.twbr_q[31]
tb_top_APB_I2C_master.DUT.u_apb_i2c_man_sub_intf.twsr_load_prescaler[2]
tb_top_APB_I2C_master.DUT.u_apb_i2c_man_sub_intf.twsr_load_prescaler[8]
tb_top_APB_I2C_master.DUT.u_apb_i2c_man_sub_intf.twsr_load_prescaler[9]
tb_top_APB_I2C_master.DUT.u_apb_i2c_man_sub_intf.twsr_load_prescaler[10]
tb_top_APB_I2C_master.DUT.u_apb_i2c_man_sub_intf.twsr_load_prescaler[11]
tb_top_APB_I2C_master.DUT.u_apb_i2c_man_sub_intf.twsr_load_prescaler[12]
tb_top_APB_I2C_master.DUT.u_apb_i2c_man_sub_intf.twsr_load_prescaler[13]
tb_top_APB_I2C_master.DUT.u_apb_i2c_man_sub_intf.twsr_load_prescaler[14]
tb_top_APB_I2C_master.DUT.u_apb_i2c_man_sub_intf.twsr_load_prescaler[15]
tb_top_APB_I2C_master.DUT.u_apb_i2c_man_sub_intf.twsr_load_prescaler[16]
tb_top_APB_I2C_master.DUT.u_apb_i2c_man_sub_intf.twsr_load_prescaler[17]
tb_top_APB_I2C_master.DUT.u_apb_i2c_man_sub_intf.twsr_load_prescaler[18]
tb_top_APB_I2C_master.DUT.u_apb_i2c_man_sub_intf.twsr_load_prescaler[19]
tb_top_APB_I2C_master.DUT.u_apb_i2c_man_sub_intf.twsr_load_prescaler[20]
tb_top_APB_I2C_master.DUT.u_apb_i2c_man_sub_intf.twsr_load_prescaler[21]
tb_top_APB_I2C_master.DUT.u_apb_i2c_man_sub_intf.twsr_load_prescaler[22]
tb_top_APB_I2C_master.DUT.u_apb_i2c_man_sub_intf.twsr_load_prescaler[23]
tb_top_APB_I2C_master.DUT.u_apb_i2c_man_sub_intf.twsr_load_prescaler[24]
tb_top_APB_I2C_master.DUT.u_apb_i2c_man_sub_intf.twsr_load_prescaler[25]
tb_top_APB_I2C_master.DUT.u_apb_i2c_man_sub_intf.twsr_load_prescaler[26]
tb_top_APB_I2C_master.DUT.u_apb_i2c_man_sub_intf.twsr_load_prescaler[27]
tb_top_APB_I2C_master.DUT.u_apb_i2c_man_sub_intf.twsr_load_prescaler[28]
tb_top_APB_I2C_master.DUT.u_apb_i2c_man_sub_intf.twsr_load_prescaler[29]
tb_top_APB_I2C_master.DUT.u_apb_i2c_man_sub_intf.twsr_load_prescaler[30]
tb_top_APB_I2C_master.DUT.u_apb_i2c_man_sub_intf.twsr_load_prescaler[31]
tb_top_APB_I2C_master.DUT.u_apb_i2c_man_sub_intf.u_api_slave_to_reg_bank.rdata[8]
tb_top_APB_I2C_master.DUT.u_apb_i2c_man_sub_intf.u_api_slave_to_reg_bank.rdata[9]
tb_top_APB_I2C_master.DUT.u_apb_i2c_man_sub_intf.u_api_slave_to_reg_bank.rdata[10]
tb_top_APB_I2C_master.DUT.u_apb_i2c_man_sub_intf.u_api_slave_to_reg_bank.rdata[11]
tb_top_APB_I2C_master.DUT.u_apb_i2c_man_sub_intf.u_api_slave_to_reg_bank.rdata[12]
tb_top_APB_I2C_master.DUT.u_apb_i2c_man_sub_intf.u_api_slave_to_reg_bank.rdata[13]
tb_top_APB_I2C_master.DUT.u_apb_i2c_man_sub_intf.u_api_slave_to_reg_bank.rdata[14]
tb_top_APB_I2C_master.DUT.u_apb_i2c_man_sub_intf.u_api_slave_to_reg_bank.rdata[15]
tb_top_APB_I2C_master.DUT.u_apb_i2c_man_sub_intf.u_api_slave_to_reg_bank.rdata[16]
tb_top_APB_I2C_master.DUT.u_apb_i2c_man_sub_intf.u_api_slave_to_reg_bank.rdata[17]
tb_top_APB_I2C_master.DUT.u_apb_i2c_man_sub_intf.u_api_slave_to_reg_bank.rdata[18]
tb_top_APB_I2C_master.DUT.u_apb_i2c_man_sub_intf.u_api_slave_to_reg_bank.rdata[19]
tb_top_APB_I2C_master.DUT.u_apb_i2c_man_sub_intf.u_api_slave_to_reg_bank.rdata[20]
tb_top_APB_I2C_master.DUT.u_apb_i2c_man_sub_intf.u_api_slave_to_reg_bank.rdata[21]
tb_top_APB_I2C_master.DUT.u_apb_i2c_man_sub_intf.u_api_slave_to_reg_bank.rdata[22]
tb_top_APB_I2C_master.DUT.u_apb_i2c_man_sub_intf.u_api_slave_to_reg_bank.rdata[23]
tb_top_APB_I2C_master.DUT.u_apb_i2c_man_sub_intf.u_api_slave_to_reg_bank.rdata[24]
tb_top_APB_I2C_master.DUT.u_apb_i2c_man_sub_intf.u_api_slave_to_reg_bank.rdata[25]
tb_top_APB_I2C_master.DUT.u_apb_i2c_man_sub_intf.u_api_slave_to_reg_bank.rdata[26]
tb_top_APB_I2C_master.DUT.u_apb_i2c_man_sub_intf.u_api_slave_to_reg_bank.rdata[27]
tb_top_APB_I2C_master.DUT.u_apb_i2c_man_sub_intf.u_api_slave_to_reg_bank.rdata[28]
tb_top_APB_I2C_master.DUT.u_apb_i2c_man_sub_intf.u_api_slave_to_reg_bank.rdata[29]
tb_top_APB_I2C_master.DUT.u_apb_i2c_man_sub_intf.u_api_slave_to_reg_bank.rdata[30]
tb_top_APB_I2C_master.DUT.u_apb_i2c_man_sub_intf.u_api_slave_to_reg_bank.rdata[31]
tb_top_APB_I2C_master.DUT.u_apb_i2c_man_sub_intf.u_api_slave_to_reg_bank.apb_sub_flop_en
tb_top_APB_I2C_master.DUT.u_apb_i2c_man_sub_intf.u_api_slave_to_reg_bank.prdata[8]
tb_top_APB_I2C_master.DUT.u_apb_i2c_man_sub_intf.u_api_slave_to_reg_bank.prdata[9]
tb_top_APB_I2C_master.DUT.u_apb_i2c_man_sub_intf.u_api_slave_to_reg_bank.prdata[10]
tb_top_APB_I2C_master.DUT.u_apb_i2c_man_sub_intf.u_api_slave_to_reg_bank.prdata[11]
tb_top_APB_I2C_master.DUT.u_apb_i2c_man_sub_intf.u_api_slave_to_reg_bank.prdata[12]
tb_top_APB_I2C_master.DUT.u_apb_i2c_man_sub_intf.u_api_slave_to_reg_bank.prdata[13]
tb_top_APB_I2C_master.DUT.u_apb_i2c_man_sub_intf.u_api_slave_to_reg_bank.prdata[14]
tb_top_APB_I2C_master.DUT.u_apb_i2c_man_sub_intf.u_api_slave_to_reg_bank.prdata[15]
tb_top_APB_I2C_master.DUT.u_apb_i2c_man_sub_intf.u_api_slave_to_reg_bank.prdata[16]
tb_top_APB_I2C_master.DUT.u_apb_i2c_man_sub_intf.u_api_slave_to_reg_bank.prdata[17]
tb_top_APB_I2C_master.DUT.u_apb_i2c_man_sub_intf.u_api_slave_to_reg_bank.prdata[18]
tb_top_APB_I2C_master.DUT.u_apb_i2c_man_sub_intf.u_api_slave_to_reg_bank.prdata[19]
tb_top_APB_I2C_master.DUT.u_apb_i2c_man_sub_intf.u_api_slave_to_reg_bank.prdata[20]
tb_top_APB_I2C_master.DUT.u_apb_i2c_man_sub_intf.u_api_slave_to_reg_bank.prdata[21]
tb_top_APB_I2C_master.DUT.u_apb_i2c_man_sub_intf.u_api_slave_to_reg_bank.prdata[22]
tb_top_APB_I2C_master.DUT.u_apb_i2c_man_sub_intf.u_api_slave_to_reg_bank.prdata[23]
tb_top_APB_I2C_master.DUT.u_apb_i2c_man_sub_intf.u_api_slave_to_reg_bank.prdata[24]
tb_top_APB_I2C_master.DUT.u_apb_i2c_man_sub_intf.u_api_slave_to_reg_bank.prdata[25]
tb_top_APB_I2C_master.DUT.u_apb_i2c_man_sub_intf.u_api_slave_to_reg_bank.prdata[26]
tb_top_APB_I2C_master.DUT.u_apb_i2c_man_sub_intf.u_api_slave_to_reg_bank.prdata[27]
tb_top_APB_I2C_master.DUT.u_apb_i2c_man_sub_intf.u_api_slave_to_reg_bank.prdata[28]
tb_top_APB_I2C_master.DUT.u_apb_i2c_man_sub_intf.u_api_slave_to_reg_bank.prdata[29]
tb_top_APB_I2C_master.DUT.u_apb_i2c_man_sub_intf.u_api_slave_to_reg_bank.prdata[30]
tb_top_APB_I2C_master.DUT.u_apb_i2c_man_sub_intf.u_api_slave_to_reg_bank.prdata[31]
tb_top_APB_I2C_master.DUT.u_apb_i2c_man_sub_intf.u_api_slave_to_reg_bank.addr[0]
tb_top_APB_I2C_master.DUT.u_apb_i2c_man_sub_intf.u_api_slave_to_reg_bank.addr[1]
tb_top_APB_I2C_master.DUT.u_apb_i2c_man_sub_intf.u_api_slave_to_reg_bank.addr[5]
tb_top_APB_I2C_master.DUT.u_apb_i2c_man_sub_intf.u_api_slave_to_reg_bank.addr[6]
tb_top_APB_I2C_master.DUT.u_apb_i2c_man_sub_intf.u_api_slave_to_reg_bank.addr[7]
tb_top_APB_I2C_master.DUT.u_apb_i2c_man_sub_intf.u_api_slave_to_reg_bank.addr[8]
tb_top_APB_I2C_master.DUT.u_apb_i2c_man_sub_intf.u_api_slave_to_reg_bank.addr[9]
tb_top_APB_I2C_master.DUT.u_apb_i2c_man_sub_intf.u_api_slave_to_reg_bank.addr[10]
tb_top_APB_I2C_master.DUT.u_apb_i2c_man_sub_intf.u_api_slave_to_reg_bank.addr[11]
tb_top_APB_I2C_master.DUT.u_apb_i2c_man_sub_intf.u_api_slave_to_reg_bank.addr[12]
tb_top_APB_I2C_master.DUT.u_apb_i2c_man_sub_intf.u_api_slave_to_reg_bank.addr[13]
tb_top_APB_I2C_master.DUT.u_apb_i2c_man_sub_intf.u_api_slave_to_reg_bank.addr[14]
tb_top_APB_I2C_master.DUT.u_apb_i2c_man_sub_intf.u_api_slave_to_reg_bank.addr[15]
tb_top_APB_I2C_master.DUT.u_apb_i2c_man_sub_intf.u_api_slave_to_reg_bank.addr[16]
tb_top_APB_I2C_master.DUT.u_apb_i2c_man_sub_intf.u_api_slave_to_reg_bank.addr[17]
tb_top_APB_I2C_master.DUT.u_apb_i2c_man_sub_intf.u_api_slave_to_reg_bank.addr[18]
tb_top_APB_I2C_master.DUT.u_apb_i2c_man_sub_intf.u_api_slave_to_reg_bank.addr[19]
tb_top_APB_I2C_master.DUT.u_apb_i2c_man_sub_intf.u_api_slave_to_reg_bank.addr[20]
tb_top_APB_I2C_master.DUT.u_apb_i2c_man_sub_intf.u_api_slave_to_reg_bank.addr[21]
tb_top_APB_I2C_master.DUT.u_apb_i2c_man_sub_intf.u_api_slave_to_reg_bank.addr[22]
tb_top_APB_I2C_master.DUT.u_apb_i2c_man_sub_intf.u_api_slave_to_reg_bank.addr[23]
tb_top_APB_I2C_master.DUT.u_apb_i2c_man_sub_intf.u_api_slave_to_reg_bank.addr[24]
tb_top_APB_I2C_master.DUT.u_apb_i2c_man_sub_intf.u_api_slave_to_reg_bank.addr[25]
tb_top_APB_I2C_master.DUT.u_apb_i2c_man_sub_intf.u_api_slave_to_reg_bank.addr[26]
tb_top_APB_I2C_master.DUT.u_apb_i2c_man_sub_intf.u_api_slave_to_reg_bank.addr[27]
tb_top_APB_I2C_master.DUT.u_apb_i2c_man_sub_intf.u_api_slave_to_reg_bank.addr[28]
tb_top_APB_I2C_master.DUT.u_apb_i2c_man_sub_intf.u_api_slave_to_reg_bank.addr[29]
tb_top_APB_I2C_master.DUT.u_apb_i2c_man_sub_intf.u_api_slave_to_reg_bank.addr[30]
tb_top_APB_I2C_master.DUT.u_apb_i2c_man_sub_intf.u_api_slave_to_reg_bank.addr[31]
tb_top_APB_I2C_master.DUT.u_apb_i2c_man_sub_intf.u_api_slave_to_reg_bank.u_present_state_register.en
tb_top_APB_I2C_master.DUT.u_apb_i2c_man_sub_intf.u_twcr.en
tb_top_APB_I2C_master.DUT.u_apb_i2c_man_sub_intf.u_twsr.en
tb_top_APB_I2C_master.DUT.u_apb_i2c_man_sub_intf.u_twar.en
tb_top_APB_I2C_master.DUT.u_apb_i2c_man_sub_intf.u_twbr.en
tb_top_APB_I2C_master.DUT.u_mst_ctrl_fsm.mst_ctrl_fsm_en
tb_top_APB_I2C_master.DUT.u_mst_ctrl_fsm.mst_ctrl_fsm_twsr_d_sel[4]
tb_top_APB_I2C_master.DUT.u_mst_ctrl_fsm.mst_ctrl_fsm_twdr_mode[2]
tb_top_APB_I2C_master.DUT.u_mst_ctrl_fsm.pstate[4]
tb_top_APB_I2C_master.DUT.u_mst_ctrl_fsm.nstate[4]
tb_top_APB_I2C_master.DUT.u_mst_ctrl_fsm.u_present_state_register.en
tb_top_APB_I2C_master.DUT.u_bit_counter_nbit.up_down
tb_top_APB_I2C_master.DUT.u_bit_counter_nbit.preload
tb_top_APB_I2C_master.DUT.u_bit_counter_nbit.load_value[0]
tb_top_APB_I2C_master.DUT.u_bit_counter_nbit.load_value[1]
tb_top_APB_I2C_master.DUT.u_bit_counter_nbit.load_value[2]
tb_top_APB_I2C_master.DUT.u_bit_count_comparator.a[0]
tb_top_APB_I2C_master.DUT.u_bit_count_comparator.a[1]
tb_top_APB_I2C_master.DUT.u_bit_count_comparator.a[2]
tb_top_APB_I2C_master.DUT.u_edge_det.edge_det_en
tb_top_APB_I2C_master.DUT.u_edge_det.u_dff_store_previous_level.en
tb_top_APB_I2C_master.DUT.u_sta_sto_gen.u_mux41_sda_gen.i0
tb_top_APB_I2C_master.DUT.u_sta_sto_gen.u_mux41_sda_gen.i3
tb_top_APB_I2C_master.DUT.u_sta_sto_gen.u_mux41_scl_gen.i0
tb_top_APB_I2C_master.DUT.u_sta_sto_gen.u_mux41_scl_gen.i3
tb_top_APB_I2C_master.DUT.u_scl_gen.scl_gen_flop_en
tb_top_APB_I2C_master.DUT.u_scl_gen.cntr_val[14]
tb_top_APB_I2C_master.DUT.u_scl_gen.cntr_val[15]
tb_top_APB_I2C_master.DUT.u_scl_gen.cntr_val_start[15]
tb_top_APB_I2C_master.DUT.u_scl_gen.cntr_val_start[16]
tb_top_APB_I2C_master.DUT.u_scl_gen.m1[0]
tb_top_APB_I2C_master.DUT.u_scl_gen.m2[0]
tb_top_APB_I2C_master.DUT.u_scl_gen.m2[15]
tb_top_APB_I2C_master.DUT.u_scl_gen.h1[0]
tb_top_APB_I2C_master.DUT.u_scl_gen.h2[0]
tb_top_APB_I2C_master.DUT.u_scl_gen.h2[15]
tb_top_APB_I2C_master.DUT.u_scl_gen.u_counter_nbit_scl_gen.up_down
tb_top_APB_I2C_master.DUT.u_scl_gen.u_counter_nbit_scl_gen.preload
tb_top_APB_I2C_master.DUT.u_scl_gen.u_counter_nbit_scl_gen.load_value[0]
tb_top_APB_I2C_master.DUT.u_scl_gen.u_counter_nbit_scl_gen.load_value[1]
tb_top_APB_I2C_master.DUT.u_scl_gen.u_counter_nbit_scl_gen.load_value[2]
tb_top_APB_I2C_master.DUT.u_scl_gen.u_comparator_nbit_bit_cnt.a[0]
tb_top_APB_I2C_master.DUT.u_scl_gen.u_comparator_nbit_bit_cnt.a[1]
tb_top_APB_I2C_master.DUT.u_scl_gen.u_comparator_nbit_bit_cnt.a[2]
tb_top_APB_I2C_master.DUT.u_scl_gen.u_counter_nbit_start.up_down
tb_top_APB_I2C_master.DUT.u_scl_gen.u_counter_nbit_start.preload
tb_top_APB_I2C_master.DUT.u_scl_gen.u_counter_nbit_start.load_value[0]
tb_top_APB_I2C_master.DUT.u_scl_gen.u_counter_nbit_start.load_value[1]
tb_top_APB_I2C_master.DUT.u_scl_gen.u_counter_nbit_start.load_value[2]
tb_top_APB_I2C_master.DUT.u_scl_gen.u_comparator_nbit_start.a[0]
tb_top_APB_I2C_master.DUT.u_scl_gen.u_comparator_nbit_start.a[1]
tb_top_APB_I2C_master.DUT.u_scl_gen.u_comparator_nbit_start.a[2]
tb_top_APB_I2C_master.DUT.u_scl_gen.u_barrel_shifter_nbit_2_into_twps.shift_by[0]
tb_top_APB_I2C_master.DUT.u_scl_gen.u_barrel_shifter_nbit_2_into_twps.shift_dir
tb_top_APB_I2C_master.DUT.u_scl_gen.u_barrel_shifter_nbit_2_into_twps.shifter_out[0]
tb_top_APB_I2C_master.DUT.u_scl_gen.u_half_adder_1_plus_m1.a[0]
tb_top_APB_I2C_master.DUT.u_scl_gen.u_half_adder_1_plus_m1.a[1]
tb_top_APB_I2C_master.DUT.u_scl_gen.u_half_adder_1_plus_m1.a[2]
tb_top_APB_I2C_master.DUT.u_scl_gen.u_half_adder_1_plus_m1.b[0]
tb_top_APB_I2C_master.DUT.u_scl_gen.u_half_adder_1_plus_m1.sum[0]
tb_top_APB_I2C_master.DUT.u_scl_gen.u_barrel_shifter_nbit_twbr_into_h1.shift_by[0]
tb_top_APB_I2C_master.DUT.u_scl_gen.u_barrel_shifter_nbit_twbr_into_h1.shift_dir
tb_top_APB_I2C_master.DUT.u_scl_gen.u_barrel_shifter_nbit_twbr_into_h1.shifter_out[0]
tb_top_APB_I2C_master.DUT.u_scl_gen.u_half_adder_16_plus_m2.a[0]
tb_top_APB_I2C_master.DUT.u_scl_gen.u_half_adder_16_plus_m2.a[1]
tb_top_APB_I2C_master.DUT.u_scl_gen.u_half_adder_16_plus_m2.a[2]
tb_top_APB_I2C_master.DUT.u_scl_gen.u_half_adder_16_plus_m2.b[0]
tb_top_APB_I2C_master.DUT.u_scl_gen.u_half_adder_16_plus_m2.sum[0]
tb_top_APB_I2C_master.DUT.u_scl_gen.u_scl_state_flop.en
tb_top_APB_I2C_master.DUT.u_mux41_scl.i0
tb_top_APB_I2C_master.DUT.u_mux41_sda.i0
tb_top_APB_I2C_master.DUT.u_mux16_1_twsr_load.i0[0]
tb_top_APB_I2C_master.DUT.u_mux16_1_twsr_load.i0[1]
tb_top_APB_I2C_master.DUT.u_mux16_1_twsr_load.i0[2]
tb_top_APB_I2C_master.DUT.u_mux16_1_twsr_load.i0[3]
tb_top_APB_I2C_master.DUT.u_mux16_1_twsr_load.i0[4]
tb_top_APB_I2C_master.DUT.u_mux16_1_twsr_load.i0[5]
tb_top_APB_I2C_master.DUT.u_mux16_1_twsr_load.i0[6]
tb_top_APB_I2C_master.DUT.u_mux16_1_twsr_load.i0[7]
tb_top_APB_I2C_master.DUT.u_mux16_1_twsr_load.i1[0]
tb_top_APB_I2C_master.DUT.u_mux16_1_twsr_load.i1[1]
tb_top_APB_I2C_master.DUT.u_mux16_1_twsr_load.i1[2]
tb_top_APB_I2C_master.DUT.u_mux16_1_twsr_load.i1[3]
tb_top_APB_I2C_master.DUT.u_mux16_1_twsr_load.i1[4]
tb_top_APB_I2C_master.DUT.u_mux16_1_twsr_load.i1[5]
tb_top_APB_I2C_master.DUT.u_mux16_1_twsr_load.i1[6]
tb_top_APB_I2C_master.DUT.u_mux16_1_twsr_load.i1[7]
tb_top_APB_I2C_master.DUT.u_mux16_1_twsr_load.i2[0]
tb_top_APB_I2C_master.DUT.u_mux16_1_twsr_load.i2[1]
tb_top_APB_I2C_master.DUT.u_mux16_1_twsr_load.i2[2]
tb_top_APB_I2C_master.DUT.u_mux16_1_twsr_load.i2[3]
tb_top_APB_I2C_master.DUT.u_mux16_1_twsr_load.i2[4]
tb_top_APB_I2C_master.DUT.u_mux16_1_twsr_load.i2[5]
tb_top_APB_I2C_master.DUT.u_mux16_1_twsr_load.i2[6]
tb_top_APB_I2C_master.DUT.u_mux16_1_twsr_load.i2[7]
tb_top_APB_I2C_master.DUT.u_mux16_1_twsr_load.i3[0]
tb_top_APB_I2C_master.DUT.u_mux16_1_twsr_load.i3[1]
tb_top_APB_I2C_master.DUT.u_mux16_1_twsr_load.i3[2]
tb_top_APB_I2C_master.DUT.u_mux16_1_twsr_load.i3[3]
tb_top_APB_I2C_master.DUT.u_mux16_1_twsr_load.i3[4]
tb_top_APB_I2C_master.DUT.u_mux16_1_twsr_load.i3[5]
tb_top_APB_I2C_master.DUT.u_mux16_1_twsr_load.i3[6]
tb_top_APB_I2C_master.DUT.u_mux16_1_twsr_load.i3[7]
tb_top_APB_I2C_master.DUT.u_mux16_1_twsr_load.i4[0]
tb_top_APB_I2C_master.DUT.u_mux16_1_twsr_load.i4[1]
tb_top_APB_I2C_master.DUT.u_mux16_1_twsr_load.i4[2]
tb_top_APB_I2C_master.DUT.u_mux16_1_twsr_load.i4[3]
tb_top_APB_I2C_master.DUT.u_mux16_1_twsr_load.i4[4]
tb_top_APB_I2C_master.DUT.u_mux16_1_twsr_load.i4[5]
tb_top_APB_I2C_master.DUT.u_mux16_1_twsr_load.i4[6]
tb_top_APB_I2C_master.DUT.u_mux16_1_twsr_load.i4[7]
tb_top_APB_I2C_master.DUT.u_mux16_1_twsr_load.i5[0]
tb_top_APB_I2C_master.DUT.u_mux16_1_twsr_load.i5[1]
tb_top_APB_I2C_master.DUT.u_mux16_1_twsr_load.i5[2]
tb_top_APB_I2C_master.DUT.u_mux16_1_twsr_load.i5[3]
tb_top_APB_I2C_master.DUT.u_mux16_1_twsr_load.i5[4]
tb_top_APB_I2C_master.DUT.u_mux16_1_twsr_load.i5[5]
tb_top_APB_I2C_master.DUT.u_mux16_1_twsr_load.i5[6]
tb_top_APB_I2C_master.DUT.u_mux16_1_twsr_load.i5[7]
tb_top_APB_I2C_master.DUT.u_mux16_1_twsr_load.i6[0]
tb_top_APB_I2C_master.DUT.u_mux16_1_twsr_load.i6[1]
tb_top_APB_I2C_master.DUT.u_mux16_1_twsr_load.i6[2]
tb_top_APB_I2C_master.DUT.u_mux16_1_twsr_load.i6[3]
tb_top_APB_I2C_master.DUT.u_mux16_1_twsr_load.i6[4]
tb_top_APB_I2C_master.DUT.u_mux16_1_twsr_load.i6[5]
tb_top_APB_I2C_master.DUT.u_mux16_1_twsr_load.i6[6]
tb_top_APB_I2C_master.DUT.u_mux16_1_twsr_load.i6[7]
tb_top_APB_I2C_master.DUT.u_mux16_1_twsr_load.i7[0]
tb_top_APB_I2C_master.DUT.u_mux16_1_twsr_load.i7[1]
tb_top_APB_I2C_master.DUT.u_mux16_1_twsr_load.i7[2]
tb_top_APB_I2C_master.DUT.u_mux16_1_twsr_load.i7[3]
tb_top_APB_I2C_master.DUT.u_mux16_1_twsr_load.i7[4]
tb_top_APB_I2C_master.DUT.u_mux16_1_twsr_load.i7[5]
tb_top_APB_I2C_master.DUT.u_mux16_1_twsr_load.i7[6]
tb_top_APB_I2C_master.DUT.u_mux16_1_twsr_load.i7[7]
tb_top_APB_I2C_master.DUT.u_mux16_1_twsr_load.i8[0]
tb_top_APB_I2C_master.DUT.u_mux16_1_twsr_load.i8[1]
tb_top_APB_I2C_master.DUT.u_mux16_1_twsr_load.i8[2]
tb_top_APB_I2C_master.DUT.u_mux16_1_twsr_load.i8[3]
tb_top_APB_I2C_master.DUT.u_mux16_1_twsr_load.i8[4]
tb_top_APB_I2C_master.DUT.u_mux16_1_twsr_load.i8[5]
tb_top_APB_I2C_master.DUT.u_mux16_1_twsr_load.i8[6]
tb_top_APB_I2C_master.DUT.u_mux16_1_twsr_load.i8[7]
tb_top_APB_I2C_master.DUT.u_mux16_1_twsr_load.i9[0]
tb_top_APB_I2C_master.DUT.u_mux16_1_twsr_load.i9[1]
tb_top_APB_I2C_master.DUT.u_mux16_1_twsr_load.i9[2]
tb_top_APB_I2C_master.DUT.u_mux16_1_twsr_load.i9[3]
tb_top_APB_I2C_master.DUT.u_mux16_1_twsr_load.i9[4]
tb_top_APB_I2C_master.DUT.u_mux16_1_twsr_load.i9[5]
tb_top_APB_I2C_master.DUT.u_mux16_1_twsr_load.i9[6]
tb_top_APB_I2C_master.DUT.u_mux16_1_twsr_load.i9[7]
tb_top_APB_I2C_master.DUT.u_mux16_1_twsr_load.i10[0]
tb_top_APB_I2C_master.DUT.u_mux16_1_twsr_load.i10[1]
tb_top_APB_I2C_master.DUT.u_mux16_1_twsr_load.i10[2]
tb_top_APB_I2C_master.DUT.u_mux16_1_twsr_load.i10[3]
tb_top_APB_I2C_master.DUT.u_mux16_1_twsr_load.i10[4]
tb_top_APB_I2C_master.DUT.u_mux16_1_twsr_load.i10[5]
tb_top_APB_I2C_master.DUT.u_mux16_1_twsr_load.i10[6]
tb_top_APB_I2C_master.DUT.u_mux16_1_twsr_load.i10[7]
tb_top_APB_I2C_master.DUT.u_mux16_1_twsr_load.i11[0]
tb_top_APB_I2C_master.DUT.u_mux16_1_twsr_load.i11[1]
tb_top_APB_I2C_master.DUT.u_mux16_1_twsr_load.i11[2]
tb_top_APB_I2C_master.DUT.u_mux16_1_twsr_load.i11[3]
tb_top_APB_I2C_master.DUT.u_mux16_1_twsr_load.i11[4]
tb_top_APB_I2C_master.DUT.u_mux16_1_twsr_load.i11[5]
tb_top_APB_I2C_master.DUT.u_mux16_1_twsr_load.i11[6]
tb_top_APB_I2C_master.DUT.u_mux16_1_twsr_load.i11[7]
tb_top_APB_I2C_master.DUT.u_mux16_1_twsr_load.i12[0]
tb_top_APB_I2C_master.DUT.u_mux16_1_twsr_load.i12[1]
tb_top_APB_I2C_master.DUT.u_mux16_1_twsr_load.i12[2]
tb_top_APB_I2C_master.DUT.u_mux16_1_twsr_load.i12[3]
tb_top_APB_I2C_master.DUT.u_mux16_1_twsr_load.i12[4]
tb_top_APB_I2C_master.DUT.u_mux16_1_twsr_load.i12[5]
tb_top_APB_I2C_master.DUT.u_mux16_1_twsr_load.i12[6]
tb_top_APB_I2C_master.DUT.u_mux16_1_twsr_load.i12[7]
tb_top_APB_I2C_master.DUT.u_mux16_1_twsr_load.i13[0]
tb_top_APB_I2C_master.DUT.u_mux16_1_twsr_load.i13[1]
tb_top_APB_I2C_master.DUT.u_mux16_1_twsr_load.i13[2]
tb_top_APB_I2C_master.DUT.u_mux16_1_twsr_load.i13[3]
tb_top_APB_I2C_master.DUT.u_mux16_1_twsr_load.i13[4]
tb_top_APB_I2C_master.DUT.u_mux16_1_twsr_load.i13[5]
tb_top_APB_I2C_master.DUT.u_mux16_1_twsr_load.i13[6]
tb_top_APB_I2C_master.DUT.u_mux16_1_twsr_load.i13[7]
tb_top_APB_I2C_master.DUT.u_mux16_1_twsr_load.i14[0]
tb_top_APB_I2C_master.DUT.u_mux16_1_twsr_load.i14[1]
tb_top_APB_I2C_master.DUT.u_mux16_1_twsr_load.i14[2]
tb_top_APB_I2C_master.DUT.u_mux16_1_twsr_load.i14[3]
tb_top_APB_I2C_master.DUT.u_mux16_1_twsr_load.i14[4]
tb_top_APB_I2C_master.DUT.u_mux16_1_twsr_load.i14[5]
tb_top_APB_I2C_master.DUT.u_mux16_1_twsr_load.i14[6]
tb_top_APB_I2C_master.DUT.u_mux16_1_twsr_load.i14[7]
tb_top_APB_I2C_master.DUT.u_mux16_1_twsr_load.i15[0]
tb_top_APB_I2C_master.DUT.u_mux16_1_twsr_load.i15[1]
tb_top_APB_I2C_master.DUT.u_mux16_1_twsr_load.i15[2]
tb_top_APB_I2C_master.DUT.u_mux16_1_twsr_load.i15[3]
tb_top_APB_I2C_master.DUT.u_mux16_1_twsr_load.i15[4]
tb_top_APB_I2C_master.DUT.u_mux16_1_twsr_load.i15[5]
tb_top_APB_I2C_master.DUT.u_mux16_1_twsr_load.i15[6]
tb_top_APB_I2C_master.DUT.u_mux16_1_twsr_load.i15[7]
tb_top_APB_I2C_master.DUT.u_mux16_1_twsr_load.out[0]
tb_top_APB_I2C_master.DUT.u_mux16_1_twsr_load.out[1]
tb_top_APB_I2C_master.DUT.u_mux16_1_twsr_load.out[2]
tb_top_APB_I2C_master.DUT.u_dff_store_start_flag.en
tb_top_APB_I2C_master.DUT.u_dff_store_rw_flag.en
tb_top_APB_I2C_master.DUT.u_dff_store_ack_flag.en
tb_top_APB_I2C_master.DUT.u_dff_store_repeat_flag.en
tb_top_APB_I2C_master.DUT_a.pclk
tb_top_APB_I2C_master.DUT_a.presetn
tb_top_APB_I2C_master.DUT_a.psel
tb_top_APB_I2C_master.DUT_a.pwrite
tb_top_APB_I2C_master.DUT_a.penable
tb_top_APB_I2C_master.DUT_a.paddr
tb_top_APB_I2C_master.DUT_a.pwdata
tb_top_APB_I2C_master.DUT_a.scl_pad_i
tb_top_APB_I2C_master.DUT_a.sda_pad_i
tb_top_APB_I2C_master.DUT_a.mst_ctrl_fsm_cntr_en_mask_start
tb_top_APB_I2C_master.DUT_a.arb_lost
tb_top_APB_I2C_master.DUT_a.edge_det_neg
tb_top_APB_I2C_master.DUT_a.edge_det_pos
tb_top_APB_I2C_master.DUT_a.u_apb_i2c_man_sub_intf.pclk
tb_top_APB_I2C_master.DUT_a.u_apb_i2c_man_sub_intf.presetn
tb_top_APB_I2C_master.DUT_a.u_apb_i2c_man_sub_intf.psel
tb_top_APB_I2C_master.DUT_a.u_apb_i2c_man_sub_intf.pwrite
tb_top_APB_I2C_master.DUT_a.u_apb_i2c_man_sub_intf.penable
tb_top_APB_I2C_master.DUT_a.u_apb_i2c_man_sub_intf.paddr
tb_top_APB_I2C_master.DUT_a.u_apb_i2c_man_sub_intf.pwdata
tb_top_APB_I2C_master.DUT_a.u_apb_i2c_man_sub_intf.apb_i2c_man_sub_intf_flop_en
tb_top_APB_I2C_master.DUT_a.u_apb_i2c_man_sub_intf.twsr_load_status[0]
tb_top_APB_I2C_master.DUT_a.u_apb_i2c_man_sub_intf.twsr_load_status[1]
tb_top_APB_I2C_master.DUT_a.u_apb_i2c_man_sub_intf.twsr_load_status[2]
tb_top_APB_I2C_master.DUT_a.u_apb_i2c_man_sub_intf.prdata[8]
tb_top_APB_I2C_master.DUT_a.u_apb_i2c_man_sub_intf.prdata[9]
tb_top_APB_I2C_master.DUT_a.u_apb_i2c_man_sub_intf.prdata[10]
tb_top_APB_I2C_master.DUT_a.u_apb_i2c_man_sub_intf.prdata[11]
tb_top_APB_I2C_master.DUT_a.u_apb_i2c_man_sub_intf.prdata[12]
tb_top_APB_I2C_master.DUT_a.u_apb_i2c_man_sub_intf.prdata[13]
tb_top_APB_I2C_master.DUT_a.u_apb_i2c_man_sub_intf.prdata[14]
tb_top_APB_I2C_master.DUT_a.u_apb_i2c_man_sub_intf.prdata[15]
tb_top_APB_I2C_master.DUT_a.u_apb_i2c_man_sub_intf.prdata[16]
tb_top_APB_I2C_master.DUT_a.u_apb_i2c_man_sub_intf.prdata[17]
tb_top_APB_I2C_master.DUT_a.u_apb_i2c_man_sub_intf.prdata[18]
tb_top_APB_I2C_master.DUT_a.u_apb_i2c_man_sub_intf.prdata[19]
tb_top_APB_I2C_master.DUT_a.u_apb_i2c_man_sub_intf.prdata[20]
tb_top_APB_I2C_master.DUT_a.u_apb_i2c_man_sub_intf.prdata[21]
tb_top_APB_I2C_master.DUT_a.u_apb_i2c_man_sub_intf.prdata[22]
tb_top_APB_I2C_master.DUT_a.u_apb_i2c_man_sub_intf.prdata[23]
tb_top_APB_I2C_master.DUT_a.u_apb_i2c_man_sub_intf.prdata[24]
tb_top_APB_I2C_master.DUT_a.u_apb_i2c_man_sub_intf.prdata[25]
tb_top_APB_I2C_master.DUT_a.u_apb_i2c_man_sub_intf.prdata[26]
tb_top_APB_I2C_master.DUT_a.u_apb_i2c_man_sub_intf.prdata[27]
tb_top_APB_I2C_master.DUT_a.u_apb_i2c_man_sub_intf.prdata[28]
tb_top_APB_I2C_master.DUT_a.u_apb_i2c_man_sub_intf.prdata[29]
tb_top_APB_I2C_master.DUT_a.u_apb_i2c_man_sub_intf.prdata[30]
tb_top_APB_I2C_master.DUT_a.u_apb_i2c_man_sub_intf.prdata[31]
tb_top_APB_I2C_master.DUT_a.u_apb_i2c_man_sub_intf.addr[0]
tb_top_APB_I2C_master.DUT_a.u_apb_i2c_man_sub_intf.addr[1]
tb_top_APB_I2C_master.DUT_a.u_apb_i2c_man_sub_intf.addr[5]
tb_top_APB_I2C_master.DUT_a.u_apb_i2c_man_sub_intf.addr[6]
tb_top_APB_I2C_master.DUT_a.u_apb_i2c_man_sub_intf.addr[7]
tb_top_APB_I2C_master.DUT_a.u_apb_i2c_man_sub_intf.addr[8]
tb_top_APB_I2C_master.DUT_a.u_apb_i2c_man_sub_intf.addr[9]
tb_top_APB_I2C_master.DUT_a.u_apb_i2c_man_sub_intf.addr[10]
tb_top_APB_I2C_master.DUT_a.u_apb_i2c_man_sub_intf.addr[11]
tb_top_APB_I2C_master.DUT_a.u_apb_i2c_man_sub_intf.addr[12]
tb_top_APB_I2C_master.DUT_a.u_apb_i2c_man_sub_intf.addr[13]
tb_top_APB_I2C_master.DUT_a.u_apb_i2c_man_sub_intf.addr[14]
tb_top_APB_I2C_master.DUT_a.u_apb_i2c_man_sub_intf.addr[15]
tb_top_APB_I2C_master.DUT_a.u_apb_i2c_man_sub_intf.addr[16]
tb_top_APB_I2C_master.DUT_a.u_apb_i2c_man_sub_intf.addr[17]
tb_top_APB_I2C_master.DUT_a.u_apb_i2c_man_sub_intf.addr[18]
tb_top_APB_I2C_master.DUT_a.u_apb_i2c_man_sub_intf.addr[19]
tb_top_APB_I2C_master.DUT_a.u_apb_i2c_man_sub_intf.addr[20]
tb_top_APB_I2C_master.DUT_a.u_apb_i2c_man_sub_intf.addr[21]
tb_top_APB_I2C_master.DUT_a.u_apb_i2c_man_sub_intf.addr[22]
tb_top_APB_I2C_master.DUT_a.u_apb_i2c_man_sub_intf.addr[23]
tb_top_APB_I2C_master.DUT_a.u_apb_i2c_man_sub_intf.addr[24]
tb_top_APB_I2C_master.DUT_a.u_apb_i2c_man_sub_intf.addr[25]
tb_top_APB_I2C_master.DUT_a.u_apb_i2c_man_sub_intf.addr[26]
tb_top_APB_I2C_master.DUT_a.u_apb_i2c_man_sub_intf.addr[27]
tb_top_APB_I2C_master.DUT_a.u_apb_i2c_man_sub_intf.addr[28]
tb_top_APB_I2C_master.DUT_a.u_apb_i2c_man_sub_intf.addr[29]
tb_top_APB_I2C_master.DUT_a.u_apb_i2c_man_sub_intf.addr[30]
tb_top_APB_I2C_master.DUT_a.u_apb_i2c_man_sub_intf.addr[31]
tb_top_APB_I2C_master.DUT_a.u_apb_i2c_man_sub_intf.rdata[8]
tb_top_APB_I2C_master.DUT_a.u_apb_i2c_man_sub_intf.rdata[9]
tb_top_APB_I2C_master.DUT_a.u_apb_i2c_man_sub_intf.rdata[10]
tb_top_APB_I2C_master.DUT_a.u_apb_i2c_man_sub_intf.rdata[11]
tb_top_APB_I2C_master.DUT_a.u_apb_i2c_man_sub_intf.rdata[12]
tb_top_APB_I2C_master.DUT_a.u_apb_i2c_man_sub_intf.rdata[13]
tb_top_APB_I2C_master.DUT_a.u_apb_i2c_man_sub_intf.rdata[14]
tb_top_APB_I2C_master.DUT_a.u_apb_i2c_man_sub_intf.rdata[15]
tb_top_APB_I2C_master.DUT_a.u_apb_i2c_man_sub_intf.rdata[16]
tb_top_APB_I2C_master.DUT_a.u_apb_i2c_man_sub_intf.rdata[17]
tb_top_APB_I2C_master.DUT_a.u_apb_i2c_man_sub_intf.rdata[18]
tb_top_APB_I2C_master.DUT_a.u_apb_i2c_man_sub_intf.rdata[19]
tb_top_APB_I2C_master.DUT_a.u_apb_i2c_man_sub_intf.rdata[20]
tb_top_APB_I2C_master.DUT_a.u_apb_i2c_man_sub_intf.rdata[21]
tb_top_APB_I2C_master.DUT_a.u_apb_i2c_man_sub_intf.rdata[22]
tb_top_APB_I2C_master.DUT_a.u_apb_i2c_man_sub_intf.rdata[23]
tb_top_APB_I2C_master.DUT_a.u_apb_i2c_man_sub_intf.rdata[24]
tb_top_APB_I2C_master.DUT_a.u_apb_i2c_man_sub_intf.rdata[25]
tb_top_APB_I2C_master.DUT_a.u_apb_i2c_man_sub_intf.rdata[26]
tb_top_APB_I2C_master.DUT_a.u_apb_i2c_man_sub_intf.rdata[27]
tb_top_APB_I2C_master.DUT_a.u_apb_i2c_man_sub_intf.rdata[28]
tb_top_APB_I2C_master.DUT_a.u_apb_i2c_man_sub_intf.rdata[29]
tb_top_APB_I2C_master.DUT_a.u_apb_i2c_man_sub_intf.rdata[30]
tb_top_APB_I2C_master.DUT_a.u_apb_i2c_man_sub_intf.rdata[31]
tb_top_APB_I2C_master.DUT_a.u_apb_i2c_man_sub_intf.twcr_d[1]
tb_top_APB_I2C_master.DUT_a.u_apb_i2c_man_sub_intf.twcr_d[8]
tb_top_APB_I2C_master.DUT_a.u_apb_i2c_man_sub_intf.twcr_d[9]
tb_top_APB_I2C_master.DUT_a.u_apb_i2c_man_sub_intf.twcr_d[10]
tb_top_APB_I2C_master.DUT_a.u_apb_i2c_man_sub_intf.twcr_d[11]
tb_top_APB_I2C_master.DUT_a.u_apb_i2c_man_sub_intf.twcr_d[12]
tb_top_APB_I2C_master.DUT_a.u_apb_i2c_man_sub_intf.twcr_d[13]
tb_top_APB_I2C_master.DUT_a.u_apb_i2c_man_sub_intf.twcr_d[14]
tb_top_APB_I2C_master.DUT_a.u_apb_i2c_man_sub_intf.twcr_d[15]
tb_top_APB_I2C_master.DUT_a.u_apb_i2c_man_sub_intf.twcr_d[16]
tb_top_APB_I2C_master.DUT_a.u_apb_i2c_man_sub_intf.twcr_d[17]
tb_top_APB_I2C_master.DUT_a.u_apb_i2c_man_sub_intf.twcr_d[18]
tb_top_APB_I2C_master.DUT_a.u_apb_i2c_man_sub_intf.twcr_d[19]
tb_top_APB_I2C_master.DUT_a.u_apb_i2c_man_sub_intf.twcr_d[20]
tb_top_APB_I2C_master.DUT_a.u_apb_i2c_man_sub_intf.twcr_d[21]
tb_top_APB_I2C_master.DUT_a.u_apb_i2c_man_sub_intf.twcr_d[22]
tb_top_APB_I2C_master.DUT_a.u_apb_i2c_man_sub_intf.twcr_d[23]
tb_top_APB_I2C_master.DUT_a.u_apb_i2c_man_sub_intf.twcr_d[24]
tb_top_APB_I2C_master.DUT_a.u_apb_i2c_man_sub_intf.twcr_d[25]
tb_top_APB_I2C_master.DUT_a.u_apb_i2c_man_sub_intf.twcr_d[26]
tb_top_APB_I2C_master.DUT_a.u_apb_i2c_man_sub_intf.twcr_d[27]
tb_top_APB_I2C_master.DUT_a.u_apb_i2c_man_sub_intf.twcr_d[28]
tb_top_APB_I2C_master.DUT_a.u_apb_i2c_man_sub_intf.twcr_d[29]
tb_top_APB_I2C_master.DUT_a.u_apb_i2c_man_sub_intf.twcr_d[30]
tb_top_APB_I2C_master.DUT_a.u_apb_i2c_man_sub_intf.twcr_d[31]
tb_top_APB_I2C_master.DUT_a.u_apb_i2c_man_sub_intf.twcr_q[1]
tb_top_APB_I2C_master.DUT_a.u_apb_i2c_man_sub_intf.twcr_q[8]
tb_top_APB_I2C_master.DUT_a.u_apb_i2c_man_sub_intf.twcr_q[9]
tb_top_APB_I2C_master.DUT_a.u_apb_i2c_man_sub_intf.twcr_q[10]
tb_top_APB_I2C_master.DUT_a.u_apb_i2c_man_sub_intf.twcr_q[11]
tb_top_APB_I2C_master.DUT_a.u_apb_i2c_man_sub_intf.twcr_q[12]
tb_top_APB_I2C_master.DUT_a.u_apb_i2c_man_sub_intf.twcr_q[13]
tb_top_APB_I2C_master.DUT_a.u_apb_i2c_man_sub_intf.twcr_q[14]
tb_top_APB_I2C_master.DUT_a.u_apb_i2c_man_sub_intf.twcr_q[15]
tb_top_APB_I2C_master.DUT_a.u_apb_i2c_man_sub_intf.twcr_q[16]
tb_top_APB_I2C_master.DUT_a.u_apb_i2c_man_sub_intf.twcr_q[17]
tb_top_APB_I2C_master.DUT_a.u_apb_i2c_man_sub_intf.twcr_q[18]
tb_top_APB_I2C_master.DUT_a.u_apb_i2c_man_sub_intf.twcr_q[19]
tb_top_APB_I2C_master.DUT_a.u_apb_i2c_man_sub_intf.twcr_q[20]
tb_top_APB_I2C_master.DUT_a.u_apb_i2c_man_sub_intf.twcr_q[21]
tb_top_APB_I2C_master.DUT_a.u_apb_i2c_man_sub_intf.twcr_q[22]
tb_top_APB_I2C_master.DUT_a.u_apb_i2c_man_sub_intf.twcr_q[23]
tb_top_APB_I2C_master.DUT_a.u_apb_i2c_man_sub_intf.twcr_q[24]
tb_top_APB_I2C_master.DUT_a.u_apb_i2c_man_sub_intf.twcr_q[25]
tb_top_APB_I2C_master.DUT_a.u_apb_i2c_man_sub_intf.twcr_q[26]
tb_top_APB_I2C_master.DUT_a.u_apb_i2c_man_sub_intf.twcr_q[27]
tb_top_APB_I2C_master.DUT_a.u_apb_i2c_man_sub_intf.twcr_q[28]
tb_top_APB_I2C_master.DUT_a.u_apb_i2c_man_sub_intf.twcr_q[29]
tb_top_APB_I2C_master.DUT_a.u_apb_i2c_man_sub_intf.twcr_q[30]
tb_top_APB_I2C_master.DUT_a.u_apb_i2c_man_sub_intf.twcr_q[31]
tb_top_APB_I2C_master.DUT_a.u_apb_i2c_man_sub_intf.twar_d[8]
tb_top_APB_I2C_master.DUT_a.u_apb_i2c_man_sub_intf.twar_d[9]
tb_top_APB_I2C_master.DUT_a.u_apb_i2c_man_sub_intf.twar_d[10]
tb_top_APB_I2C_master.DUT_a.u_apb_i2c_man_sub_intf.twar_d[11]
tb_top_APB_I2C_master.DUT_a.u_apb_i2c_man_sub_intf.twar_d[12]
tb_top_APB_I2C_master.DUT_a.u_apb_i2c_man_sub_intf.twar_d[13]
tb_top_APB_I2C_master.DUT_a.u_apb_i2c_man_sub_intf.twar_d[14]
tb_top_APB_I2C_master.DUT_a.u_apb_i2c_man_sub_intf.twar_d[15]
tb_top_APB_I2C_master.DUT_a.u_apb_i2c_man_sub_intf.twar_d[16]
tb_top_APB_I2C_master.DUT_a.u_apb_i2c_man_sub_intf.twar_d[17]
tb_top_APB_I2C_master.DUT_a.u_apb_i2c_man_sub_intf.twar_d[18]
tb_top_APB_I2C_master.DUT_a.u_apb_i2c_man_sub_intf.twar_d[19]
tb_top_APB_I2C_master.DUT_a.u_apb_i2c_man_sub_intf.twar_d[20]
tb_top_APB_I2C_master.DUT_a.u_apb_i2c_man_sub_intf.twar_d[21]
tb_top_APB_I2C_master.DUT_a.u_apb_i2c_man_sub_intf.twar_d[22]
tb_top_APB_I2C_master.DUT_a.u_apb_i2c_man_sub_intf.twar_d[23]
tb_top_APB_I2C_master.DUT_a.u_apb_i2c_man_sub_intf.twar_d[24]
tb_top_APB_I2C_master.DUT_a.u_apb_i2c_man_sub_intf.twar_d[25]
tb_top_APB_I2C_master.DUT_a.u_apb_i2c_man_sub_intf.twar_d[26]
tb_top_APB_I2C_master.DUT_a.u_apb_i2c_man_sub_intf.twar_d[27]
tb_top_APB_I2C_master.DUT_a.u_apb_i2c_man_sub_intf.twar_d[28]
tb_top_APB_I2C_master.DUT_a.u_apb_i2c_man_sub_intf.twar_d[29]
tb_top_APB_I2C_master.DUT_a.u_apb_i2c_man_sub_intf.twar_d[30]
tb_top_APB_I2C_master.DUT_a.u_apb_i2c_man_sub_intf.twar_d[31]
tb_top_APB_I2C_master.DUT_a.u_apb_i2c_man_sub_intf.twar_q[8]
tb_top_APB_I2C_master.DUT_a.u_apb_i2c_man_sub_intf.twar_q[9]
tb_top_APB_I2C_master.DUT_a.u_apb_i2c_man_sub_intf.twar_q[10]
tb_top_APB_I2C_master.DUT_a.u_apb_i2c_man_sub_intf.twar_q[11]
tb_top_APB_I2C_master.DUT_a.u_apb_i2c_man_sub_intf.twar_q[12]
tb_top_APB_I2C_master.DUT_a.u_apb_i2c_man_sub_intf.twar_q[13]
tb_top_APB_I2C_master.DUT_a.u_apb_i2c_man_sub_intf.twar_q[14]
tb_top_APB_I2C_master.DUT_a.u_apb_i2c_man_sub_intf.twar_q[15]
tb_top_APB_I2C_master.DUT_a.u_apb_i2c_man_sub_intf.twar_q[16]
tb_top_APB_I2C_master.DUT_a.u_apb_i2c_man_sub_intf.twar_q[17]
tb_top_APB_I2C_master.DUT_a.u_apb_i2c_man_sub_intf.twar_q[18]
tb_top_APB_I2C_master.DUT_a.u_apb_i2c_man_sub_intf.twar_q[19]
tb_top_APB_I2C_master.DUT_a.u_apb_i2c_man_sub_intf.twar_q[20]
tb_top_APB_I2C_master.DUT_a.u_apb_i2c_man_sub_intf.twar_q[21]
tb_top_APB_I2C_master.DUT_a.u_apb_i2c_man_sub_intf.twar_q[22]
tb_top_APB_I2C_master.DUT_a.u_apb_i2c_man_sub_intf.twar_q[23]
tb_top_APB_I2C_master.DUT_a.u_apb_i2c_man_sub_intf.twar_q[24]
tb_top_APB_I2C_master.DUT_a.u_apb_i2c_man_sub_intf.twar_q[25]
tb_top_APB_I2C_master.DUT_a.u_apb_i2c_man_sub_intf.twar_q[26]
tb_top_APB_I2C_master.DUT_a.u_apb_i2c_man_sub_intf.twar_q[27]
tb_top_APB_I2C_master.DUT_a.u_apb_i2c_man_sub_intf.twar_q[28]
tb_top_APB_I2C_master.DUT_a.u_apb_i2c_man_sub_intf.twar_q[29]
tb_top_APB_I2C_master.DUT_a.u_apb_i2c_man_sub_intf.twar_q[30]
tb_top_APB_I2C_master.DUT_a.u_apb_i2c_man_sub_intf.twar_q[31]
tb_top_APB_I2C_master.DUT_a.u_apb_i2c_man_sub_intf.twsr_d[2]
tb_top_APB_I2C_master.DUT_a.u_apb_i2c_man_sub_intf.twsr_d[8]
tb_top_APB_I2C_master.DUT_a.u_apb_i2c_man_sub_intf.twsr_d[9]
tb_top_APB_I2C_master.DUT_a.u_apb_i2c_man_sub_intf.twsr_d[10]
tb_top_APB_I2C_master.DUT_a.u_apb_i2c_man_sub_intf.twsr_d[11]
tb_top_APB_I2C_master.DUT_a.u_apb_i2c_man_sub_intf.twsr_d[12]
tb_top_APB_I2C_master.DUT_a.u_apb_i2c_man_sub_intf.twsr_d[13]
tb_top_APB_I2C_master.DUT_a.u_apb_i2c_man_sub_intf.twsr_d[14]
tb_top_APB_I2C_master.DUT_a.u_apb_i2c_man_sub_intf.twsr_d[15]
tb_top_APB_I2C_master.DUT_a.u_apb_i2c_man_sub_intf.twsr_d[16]
tb_top_APB_I2C_master.DUT_a.u_apb_i2c_man_sub_intf.twsr_d[17]
tb_top_APB_I2C_master.DUT_a.u_apb_i2c_man_sub_intf.twsr_d[18]
tb_top_APB_I2C_master.DUT_a.u_apb_i2c_man_sub_intf.twsr_d[19]
tb_top_APB_I2C_master.DUT_a.u_apb_i2c_man_sub_intf.twsr_d[20]
tb_top_APB_I2C_master.DUT_a.u_apb_i2c_man_sub_intf.twsr_d[21]
tb_top_APB_I2C_master.DUT_a.u_apb_i2c_man_sub_intf.twsr_d[22]
tb_top_APB_I2C_master.DUT_a.u_apb_i2c_man_sub_intf.twsr_d[23]
tb_top_APB_I2C_master.DUT_a.u_apb_i2c_man_sub_intf.twsr_d[24]
tb_top_APB_I2C_master.DUT_a.u_apb_i2c_man_sub_intf.twsr_d[25]
tb_top_APB_I2C_master.DUT_a.u_apb_i2c_man_sub_intf.twsr_d[26]
tb_top_APB_I2C_master.DUT_a.u_apb_i2c_man_sub_intf.twsr_d[27]
tb_top_APB_I2C_master.DUT_a.u_apb_i2c_man_sub_intf.twsr_d[28]
tb_top_APB_I2C_master.DUT_a.u_apb_i2c_man_sub_intf.twsr_d[29]
tb_top_APB_I2C_master.DUT_a.u_apb_i2c_man_sub_intf.twsr_d[30]
tb_top_APB_I2C_master.DUT_a.u_apb_i2c_man_sub_intf.twsr_d[31]
tb_top_APB_I2C_master.DUT_a.u_apb_i2c_man_sub_intf.twsr_q[2]
tb_top_APB_I2C_master.DUT_a.u_apb_i2c_man_sub_intf.twsr_q[8]
tb_top_APB_I2C_master.DUT_a.u_apb_i2c_man_sub_intf.twsr_q[9]
tb_top_APB_I2C_master.DUT_a.u_apb_i2c_man_sub_intf.twsr_q[10]
tb_top_APB_I2C_master.DUT_a.u_apb_i2c_man_sub_intf.twsr_q[11]
tb_top_APB_I2C_master.DUT_a.u_apb_i2c_man_sub_intf.twsr_q[12]
tb_top_APB_I2C_master.DUT_a.u_apb_i2c_man_sub_intf.twsr_q[13]
tb_top_APB_I2C_master.DUT_a.u_apb_i2c_man_sub_intf.twsr_q[14]
tb_top_APB_I2C_master.DUT_a.u_apb_i2c_man_sub_intf.twsr_q[15]
tb_top_APB_I2C_master.DUT_a.u_apb_i2c_man_sub_intf.twsr_q[16]
tb_top_APB_I2C_master.DUT_a.u_apb_i2c_man_sub_intf.twsr_q[17]
tb_top_APB_I2C_master.DUT_a.u_apb_i2c_man_sub_intf.twsr_q[18]
tb_top_APB_I2C_master.DUT_a.u_apb_i2c_man_sub_intf.twsr_q[19]
tb_top_APB_I2C_master.DUT_a.u_apb_i2c_man_sub_intf.twsr_q[20]
tb_top_APB_I2C_master.DUT_a.u_apb_i2c_man_sub_intf.twsr_q[21]
tb_top_APB_I2C_master.DUT_a.u_apb_i2c_man_sub_intf.twsr_q[22]
tb_top_APB_I2C_master.DUT_a.u_apb_i2c_man_sub_intf.twsr_q[23]
tb_top_APB_I2C_master.DUT_a.u_apb_i2c_man_sub_intf.twsr_q[24]
tb_top_APB_I2C_master.DUT_a.u_apb_i2c_man_sub_intf.twsr_q[25]
tb_top_APB_I2C_master.DUT_a.u_apb_i2c_man_sub_intf.twsr_q[26]
tb_top_APB_I2C_master.DUT_a.u_apb_i2c_man_sub_intf.twsr_q[27]
tb_top_APB_I2C_master.DUT_a.u_apb_i2c_man_sub_intf.twsr_q[28]
tb_top_APB_I2C_master.DUT_a.u_apb_i2c_man_sub_intf.twsr_q[29]
tb_top_APB_I2C_master.DUT_a.u_apb_i2c_man_sub_intf.twsr_q[30]
tb_top_APB_I2C_master.DUT_a.u_apb_i2c_man_sub_intf.twsr_q[31]
tb_top_APB_I2C_master.DUT_a.u_apb_i2c_man_sub_intf.twbr_d[8]
tb_top_APB_I2C_master.DUT_a.u_apb_i2c_man_sub_intf.twbr_d[9]
tb_top_APB_I2C_master.DUT_a.u_apb_i2c_man_sub_intf.twbr_d[10]
tb_top_APB_I2C_master.DUT_a.u_apb_i2c_man_sub_intf.twbr_d[11]
tb_top_APB_I2C_master.DUT_a.u_apb_i2c_man_sub_intf.twbr_d[12]
tb_top_APB_I2C_master.DUT_a.u_apb_i2c_man_sub_intf.twbr_d[13]
tb_top_APB_I2C_master.DUT_a.u_apb_i2c_man_sub_intf.twbr_d[14]
tb_top_APB_I2C_master.DUT_a.u_apb_i2c_man_sub_intf.twbr_d[15]
tb_top_APB_I2C_master.DUT_a.u_apb_i2c_man_sub_intf.twbr_d[16]
tb_top_APB_I2C_master.DUT_a.u_apb_i2c_man_sub_intf.twbr_d[17]
tb_top_APB_I2C_master.DUT_a.u_apb_i2c_man_sub_intf.twbr_d[18]
tb_top_APB_I2C_master.DUT_a.u_apb_i2c_man_sub_intf.twbr_d[19]
tb_top_APB_I2C_master.DUT_a.u_apb_i2c_man_sub_intf.twbr_d[20]
tb_top_APB_I2C_master.DUT_a.u_apb_i2c_man_sub_intf.twbr_d[21]
tb_top_APB_I2C_master.DUT_a.u_apb_i2c_man_sub_intf.twbr_d[22]
tb_top_APB_I2C_master.DUT_a.u_apb_i2c_man_sub_intf.twbr_d[23]
tb_top_APB_I2C_master.DUT_a.u_apb_i2c_man_sub_intf.twbr_d[24]
tb_top_APB_I2C_master.DUT_a.u_apb_i2c_man_sub_intf.twbr_d[25]
tb_top_APB_I2C_master.DUT_a.u_apb_i2c_man_sub_intf.twbr_d[26]
tb_top_APB_I2C_master.DUT_a.u_apb_i2c_man_sub_intf.twbr_d[27]
tb_top_APB_I2C_master.DUT_a.u_apb_i2c_man_sub_intf.twbr_d[28]
tb_top_APB_I2C_master.DUT_a.u_apb_i2c_man_sub_intf.twbr_d[29]
tb_top_APB_I2C_master.DUT_a.u_apb_i2c_man_sub_intf.twbr_d[30]
tb_top_APB_I2C_master.DUT_a.u_apb_i2c_man_sub_intf.twbr_d[31]
tb_top_APB_I2C_master.DUT_a.u_apb_i2c_man_sub_intf.twbr_q[8]
tb_top_APB_I2C_master.DUT_a.u_apb_i2c_man_sub_intf.twbr_q[9]
tb_top_APB_I2C_master.DUT_a.u_apb_i2c_man_sub_intf.twbr_q[10]
tb_top_APB_I2C_master.DUT_a.u_apb_i2c_man_sub_intf.twbr_q[11]
tb_top_APB_I2C_master.DUT_a.u_apb_i2c_man_sub_intf.twbr_q[12]
tb_top_APB_I2C_master.DUT_a.u_apb_i2c_man_sub_intf.twbr_q[13]
tb_top_APB_I2C_master.DUT_a.u_apb_i2c_man_sub_intf.twbr_q[14]
tb_top_APB_I2C_master.DUT_a.u_apb_i2c_man_sub_intf.twbr_q[15]
tb_top_APB_I2C_master.DUT_a.u_apb_i2c_man_sub_intf.twbr_q[16]
tb_top_APB_I2C_master.DUT_a.u_apb_i2c_man_sub_intf.twbr_q[17]
tb_top_APB_I2C_master.DUT_a.u_apb_i2c_man_sub_intf.twbr_q[18]
tb_top_APB_I2C_master.DUT_a.u_apb_i2c_man_sub_intf.twbr_q[19]
tb_top_APB_I2C_master.DUT_a.u_apb_i2c_man_sub_intf.twbr_q[20]
tb_top_APB_I2C_master.DUT_a.u_apb_i2c_man_sub_intf.twbr_q[21]
tb_top_APB_I2C_master.DUT_a.u_apb_i2c_man_sub_intf.twbr_q[22]
tb_top_APB_I2C_master.DUT_a.u_apb_i2c_man_sub_intf.twbr_q[23]
tb_top_APB_I2C_master.DUT_a.u_apb_i2c_man_sub_intf.twbr_q[24]
tb_top_APB_I2C_master.DUT_a.u_apb_i2c_man_sub_intf.twbr_q[25]
tb_top_APB_I2C_master.DUT_a.u_apb_i2c_man_sub_intf.twbr_q[26]
tb_top_APB_I2C_master.DUT_a.u_apb_i2c_man_sub_intf.twbr_q[27]
tb_top_APB_I2C_master.DUT_a.u_apb_i2c_man_sub_intf.twbr_q[28]
tb_top_APB_I2C_master.DUT_a.u_apb_i2c_man_sub_intf.twbr_q[29]
tb_top_APB_I2C_master.DUT_a.u_apb_i2c_man_sub_intf.twbr_q[30]
tb_top_APB_I2C_master.DUT_a.u_apb_i2c_man_sub_intf.twbr_q[31]
tb_top_APB_I2C_master.DUT_a.u_apb_i2c_man_sub_intf.twsr_load_prescaler[2]
tb_top_APB_I2C_master.DUT_a.u_apb_i2c_man_sub_intf.twsr_load_prescaler[8]
tb_top_APB_I2C_master.DUT_a.u_apb_i2c_man_sub_intf.twsr_load_prescaler[9]
tb_top_APB_I2C_master.DUT_a.u_apb_i2c_man_sub_intf.twsr_load_prescaler[10]
tb_top_APB_I2C_master.DUT_a.u_apb_i2c_man_sub_intf.twsr_load_prescaler[11]
tb_top_APB_I2C_master.DUT_a.u_apb_i2c_man_sub_intf.twsr_load_prescaler[12]
tb_top_APB_I2C_master.DUT_a.u_apb_i2c_man_sub_intf.twsr_load_prescaler[13]
tb_top_APB_I2C_master.DUT_a.u_apb_i2c_man_sub_intf.twsr_load_prescaler[14]
tb_top_APB_I2C_master.DUT_a.u_apb_i2c_man_sub_intf.twsr_load_prescaler[15]
tb_top_APB_I2C_master.DUT_a.u_apb_i2c_man_sub_intf.twsr_load_prescaler[16]
tb_top_APB_I2C_master.DUT_a.u_apb_i2c_man_sub_intf.twsr_load_prescaler[17]
tb_top_APB_I2C_master.DUT_a.u_apb_i2c_man_sub_intf.twsr_load_prescaler[18]
tb_top_APB_I2C_master.DUT_a.u_apb_i2c_man_sub_intf.twsr_load_prescaler[19]
tb_top_APB_I2C_master.DUT_a.u_apb_i2c_man_sub_intf.twsr_load_prescaler[20]
tb_top_APB_I2C_master.DUT_a.u_apb_i2c_man_sub_intf.twsr_load_prescaler[21]
tb_top_APB_I2C_master.DUT_a.u_apb_i2c_man_sub_intf.twsr_load_prescaler[22]
tb_top_APB_I2C_master.DUT_a.u_apb_i2c_man_sub_intf.twsr_load_prescaler[23]
tb_top_APB_I2C_master.DUT_a.u_apb_i2c_man_sub_intf.twsr_load_prescaler[24]
tb_top_APB_I2C_master.DUT_a.u_apb_i2c_man_sub_intf.twsr_load_prescaler[25]
tb_top_APB_I2C_master.DUT_a.u_apb_i2c_man_sub_intf.twsr_load_prescaler[26]
tb_top_APB_I2C_master.DUT_a.u_apb_i2c_man_sub_intf.twsr_load_prescaler[27]
tb_top_APB_I2C_master.DUT_a.u_apb_i2c_man_sub_intf.twsr_load_prescaler[28]
tb_top_APB_I2C_master.DUT_a.u_apb_i2c_man_sub_intf.twsr_load_prescaler[29]
tb_top_APB_I2C_master.DUT_a.u_apb_i2c_man_sub_intf.twsr_load_prescaler[30]
tb_top_APB_I2C_master.DUT_a.u_apb_i2c_man_sub_intf.twsr_load_prescaler[31]
tb_top_APB_I2C_master.DUT_a.u_apb_i2c_man_sub_intf.u_api_slave_to_reg_bank.pclk
tb_top_APB_I2C_master.DUT_a.u_apb_i2c_man_sub_intf.u_api_slave_to_reg_bank.presetn
tb_top_APB_I2C_master.DUT_a.u_apb_i2c_man_sub_intf.u_api_slave_to_reg_bank.psel
tb_top_APB_I2C_master.DUT_a.u_apb_i2c_man_sub_intf.u_api_slave_to_reg_bank.pwrite
tb_top_APB_I2C_master.DUT_a.u_apb_i2c_man_sub_intf.u_api_slave_to_reg_bank.penable
tb_top_APB_I2C_master.DUT_a.u_apb_i2c_man_sub_intf.u_api_slave_to_reg_bank.paddr
tb_top_APB_I2C_master.DUT_a.u_apb_i2c_man_sub_intf.u_api_slave_to_reg_bank.pwdata
tb_top_APB_I2C_master.DUT_a.u_apb_i2c_man_sub_intf.u_api_slave_to_reg_bank.rdata[8]
tb_top_APB_I2C_master.DUT_a.u_apb_i2c_man_sub_intf.u_api_slave_to_reg_bank.rdata[9]
tb_top_APB_I2C_master.DUT_a.u_apb_i2c_man_sub_intf.u_api_slave_to_reg_bank.rdata[10]
tb_top_APB_I2C_master.DUT_a.u_apb_i2c_man_sub_intf.u_api_slave_to_reg_bank.rdata[11]
tb_top_APB_I2C_master.DUT_a.u_apb_i2c_man_sub_intf.u_api_slave_to_reg_bank.rdata[12]
tb_top_APB_I2C_master.DUT_a.u_apb_i2c_man_sub_intf.u_api_slave_to_reg_bank.rdata[13]
tb_top_APB_I2C_master.DUT_a.u_apb_i2c_man_sub_intf.u_api_slave_to_reg_bank.rdata[14]
tb_top_APB_I2C_master.DUT_a.u_apb_i2c_man_sub_intf.u_api_slave_to_reg_bank.rdata[15]
tb_top_APB_I2C_master.DUT_a.u_apb_i2c_man_sub_intf.u_api_slave_to_reg_bank.rdata[16]
tb_top_APB_I2C_master.DUT_a.u_apb_i2c_man_sub_intf.u_api_slave_to_reg_bank.rdata[17]
tb_top_APB_I2C_master.DUT_a.u_apb_i2c_man_sub_intf.u_api_slave_to_reg_bank.rdata[18]
tb_top_APB_I2C_master.DUT_a.u_apb_i2c_man_sub_intf.u_api_slave_to_reg_bank.rdata[19]
tb_top_APB_I2C_master.DUT_a.u_apb_i2c_man_sub_intf.u_api_slave_to_reg_bank.rdata[20]
tb_top_APB_I2C_master.DUT_a.u_apb_i2c_man_sub_intf.u_api_slave_to_reg_bank.rdata[21]
tb_top_APB_I2C_master.DUT_a.u_apb_i2c_man_sub_intf.u_api_slave_to_reg_bank.rdata[22]
tb_top_APB_I2C_master.DUT_a.u_apb_i2c_man_sub_intf.u_api_slave_to_reg_bank.rdata[23]
tb_top_APB_I2C_master.DUT_a.u_apb_i2c_man_sub_intf.u_api_slave_to_reg_bank.rdata[24]
tb_top_APB_I2C_master.DUT_a.u_apb_i2c_man_sub_intf.u_api_slave_to_reg_bank.rdata[25]
tb_top_APB_I2C_master.DUT_a.u_apb_i2c_man_sub_intf.u_api_slave_to_reg_bank.rdata[26]
tb_top_APB_I2C_master.DUT_a.u_apb_i2c_man_sub_intf.u_api_slave_to_reg_bank.rdata[27]
tb_top_APB_I2C_master.DUT_a.u_apb_i2c_man_sub_intf.u_api_slave_to_reg_bank.rdata[28]
tb_top_APB_I2C_master.DUT_a.u_apb_i2c_man_sub_intf.u_api_slave_to_reg_bank.rdata[29]
tb_top_APB_I2C_master.DUT_a.u_apb_i2c_man_sub_intf.u_api_slave_to_reg_bank.rdata[30]
tb_top_APB_I2C_master.DUT_a.u_apb_i2c_man_sub_intf.u_api_slave_to_reg_bank.rdata[31]
tb_top_APB_I2C_master.DUT_a.u_apb_i2c_man_sub_intf.u_api_slave_to_reg_bank.apb_sub_flop_en
tb_top_APB_I2C_master.DUT_a.u_apb_i2c_man_sub_intf.u_api_slave_to_reg_bank.prdata[8]
tb_top_APB_I2C_master.DUT_a.u_apb_i2c_man_sub_intf.u_api_slave_to_reg_bank.prdata[9]
tb_top_APB_I2C_master.DUT_a.u_apb_i2c_man_sub_intf.u_api_slave_to_reg_bank.prdata[10]
tb_top_APB_I2C_master.DUT_a.u_apb_i2c_man_sub_intf.u_api_slave_to_reg_bank.prdata[11]
tb_top_APB_I2C_master.DUT_a.u_apb_i2c_man_sub_intf.u_api_slave_to_reg_bank.prdata[12]
tb_top_APB_I2C_master.DUT_a.u_apb_i2c_man_sub_intf.u_api_slave_to_reg_bank.prdata[13]
tb_top_APB_I2C_master.DUT_a.u_apb_i2c_man_sub_intf.u_api_slave_to_reg_bank.prdata[14]
tb_top_APB_I2C_master.DUT_a.u_apb_i2c_man_sub_intf.u_api_slave_to_reg_bank.prdata[15]
tb_top_APB_I2C_master.DUT_a.u_apb_i2c_man_sub_intf.u_api_slave_to_reg_bank.prdata[16]
tb_top_APB_I2C_master.DUT_a.u_apb_i2c_man_sub_intf.u_api_slave_to_reg_bank.prdata[17]
tb_top_APB_I2C_master.DUT_a.u_apb_i2c_man_sub_intf.u_api_slave_to_reg_bank.prdata[18]
tb_top_APB_I2C_master.DUT_a.u_apb_i2c_man_sub_intf.u_api_slave_to_reg_bank.prdata[19]
tb_top_APB_I2C_master.DUT_a.u_apb_i2c_man_sub_intf.u_api_slave_to_reg_bank.prdata[20]
tb_top_APB_I2C_master.DUT_a.u_apb_i2c_man_sub_intf.u_api_slave_to_reg_bank.prdata[21]
tb_top_APB_I2C_master.DUT_a.u_apb_i2c_man_sub_intf.u_api_slave_to_reg_bank.prdata[22]
tb_top_APB_I2C_master.DUT_a.u_apb_i2c_man_sub_intf.u_api_slave_to_reg_bank.prdata[23]
tb_top_APB_I2C_master.DUT_a.u_apb_i2c_man_sub_intf.u_api_slave_to_reg_bank.prdata[24]
tb_top_APB_I2C_master.DUT_a.u_apb_i2c_man_sub_intf.u_api_slave_to_reg_bank.prdata[25]
tb_top_APB_I2C_master.DUT_a.u_apb_i2c_man_sub_intf.u_api_slave_to_reg_bank.prdata[26]
tb_top_APB_I2C_master.DUT_a.u_apb_i2c_man_sub_intf.u_api_slave_to_reg_bank.prdata[27]
tb_top_APB_I2C_master.DUT_a.u_apb_i2c_man_sub_intf.u_api_slave_to_reg_bank.prdata[28]
tb_top_APB_I2C_master.DUT_a.u_apb_i2c_man_sub_intf.u_api_slave_to_reg_bank.prdata[29]
tb_top_APB_I2C_master.DUT_a.u_apb_i2c_man_sub_intf.u_api_slave_to_reg_bank.prdata[30]
tb_top_APB_I2C_master.DUT_a.u_apb_i2c_man_sub_intf.u_api_slave_to_reg_bank.prdata[31]
tb_top_APB_I2C_master.DUT_a.u_apb_i2c_man_sub_intf.u_api_slave_to_reg_bank.addr[0]
tb_top_APB_I2C_master.DUT_a.u_apb_i2c_man_sub_intf.u_api_slave_to_reg_bank.addr[1]
tb_top_APB_I2C_master.DUT_a.u_apb_i2c_man_sub_intf.u_api_slave_to_reg_bank.addr[5]
tb_top_APB_I2C_master.DUT_a.u_apb_i2c_man_sub_intf.u_api_slave_to_reg_bank.addr[6]
tb_top_APB_I2C_master.DUT_a.u_apb_i2c_man_sub_intf.u_api_slave_to_reg_bank.addr[7]
tb_top_APB_I2C_master.DUT_a.u_apb_i2c_man_sub_intf.u_api_slave_to_reg_bank.addr[8]
tb_top_APB_I2C_master.DUT_a.u_apb_i2c_man_sub_intf.u_api_slave_to_reg_bank.addr[9]
tb_top_APB_I2C_master.DUT_a.u_apb_i2c_man_sub_intf.u_api_slave_to_reg_bank.addr[10]
tb_top_APB_I2C_master.DUT_a.u_apb_i2c_man_sub_intf.u_api_slave_to_reg_bank.addr[11]
tb_top_APB_I2C_master.DUT_a.u_apb_i2c_man_sub_intf.u_api_slave_to_reg_bank.addr[12]
tb_top_APB_I2C_master.DUT_a.u_apb_i2c_man_sub_intf.u_api_slave_to_reg_bank.addr[13]
tb_top_APB_I2C_master.DUT_a.u_apb_i2c_man_sub_intf.u_api_slave_to_reg_bank.addr[14]
tb_top_APB_I2C_master.DUT_a.u_apb_i2c_man_sub_intf.u_api_slave_to_reg_bank.addr[15]
tb_top_APB_I2C_master.DUT_a.u_apb_i2c_man_sub_intf.u_api_slave_to_reg_bank.addr[16]
tb_top_APB_I2C_master.DUT_a.u_apb_i2c_man_sub_intf.u_api_slave_to_reg_bank.addr[17]
tb_top_APB_I2C_master.DUT_a.u_apb_i2c_man_sub_intf.u_api_slave_to_reg_bank.addr[18]
tb_top_APB_I2C_master.DUT_a.u_apb_i2c_man_sub_intf.u_api_slave_to_reg_bank.addr[19]
tb_top_APB_I2C_master.DUT_a.u_apb_i2c_man_sub_intf.u_api_slave_to_reg_bank.addr[20]
tb_top_APB_I2C_master.DUT_a.u_apb_i2c_man_sub_intf.u_api_slave_to_reg_bank.addr[21]
tb_top_APB_I2C_master.DUT_a.u_apb_i2c_man_sub_intf.u_api_slave_to_reg_bank.addr[22]
tb_top_APB_I2C_master.DUT_a.u_apb_i2c_man_sub_intf.u_api_slave_to_reg_bank.addr[23]
tb_top_APB_I2C_master.DUT_a.u_apb_i2c_man_sub_intf.u_api_slave_to_reg_bank.addr[24]
tb_top_APB_I2C_master.DUT_a.u_apb_i2c_man_sub_intf.u_api_slave_to_reg_bank.addr[25]
tb_top_APB_I2C_master.DUT_a.u_apb_i2c_man_sub_intf.u_api_slave_to_reg_bank.addr[26]
tb_top_APB_I2C_master.DUT_a.u_apb_i2c_man_sub_intf.u_api_slave_to_reg_bank.addr[27]
tb_top_APB_I2C_master.DUT_a.u_apb_i2c_man_sub_intf.u_api_slave_to_reg_bank.addr[28]
tb_top_APB_I2C_master.DUT_a.u_apb_i2c_man_sub_intf.u_api_slave_to_reg_bank.addr[29]
tb_top_APB_I2C_master.DUT_a.u_apb_i2c_man_sub_intf.u_api_slave_to_reg_bank.addr[30]
tb_top_APB_I2C_master.DUT_a.u_apb_i2c_man_sub_intf.u_api_slave_to_reg_bank.addr[31]
tb_top_APB_I2C_master.DUT_a.u_apb_i2c_man_sub_intf.u_api_slave_to_reg_bank.u_present_state_register.clk
tb_top_APB_I2C_master.DUT_a.u_apb_i2c_man_sub_intf.u_api_slave_to_reg_bank.u_present_state_register.resetn
tb_top_APB_I2C_master.DUT_a.u_apb_i2c_man_sub_intf.u_api_slave_to_reg_bank.u_present_state_register.en
tb_top_APB_I2C_master.DUT_a.u_apb_i2c_man_sub_intf.u_twcr.clk
tb_top_APB_I2C_master.DUT_a.u_apb_i2c_man_sub_intf.u_twcr.resetn
tb_top_APB_I2C_master.DUT_a.u_apb_i2c_man_sub_intf.u_twcr.en
tb_top_APB_I2C_master.DUT_a.u_apb_i2c_man_sub_intf.u_twsr.clk
tb_top_APB_I2C_master.DUT_a.u_apb_i2c_man_sub_intf.u_twsr.resetn
tb_top_APB_I2C_master.DUT_a.u_apb_i2c_man_sub_intf.u_twsr.en
tb_top_APB_I2C_master.DUT_a.u_apb_i2c_man_sub_intf.u_twar.clk
tb_top_APB_I2C_master.DUT_a.u_apb_i2c_man_sub_intf.u_twar.resetn
tb_top_APB_I2C_master.DUT_a.u_apb_i2c_man_sub_intf.u_twar.en
tb_top_APB_I2C_master.DUT_a.u_apb_i2c_man_sub_intf.u_twbr.clk
tb_top_APB_I2C_master.DUT_a.u_apb_i2c_man_sub_intf.u_twbr.resetn
tb_top_APB_I2C_master.DUT_a.u_apb_i2c_man_sub_intf.u_twbr.en
tb_top_APB_I2C_master.DUT_a.u_mst_ctrl_fsm.pclk
tb_top_APB_I2C_master.DUT_a.u_mst_ctrl_fsm.presetn
tb_top_APB_I2C_master.DUT_a.u_mst_ctrl_fsm.scl_pad_i
tb_top_APB_I2C_master.DUT_a.u_mst_ctrl_fsm.sda_pad_i
tb_top_APB_I2C_master.DUT_a.u_mst_ctrl_fsm.pos_edge_det
tb_top_APB_I2C_master.DUT_a.u_mst_ctrl_fsm.neg_edge_det
tb_top_APB_I2C_master.DUT_a.u_mst_ctrl_fsm.mst_ctrl_fsm_en
tb_top_APB_I2C_master.DUT_a.u_mst_ctrl_fsm.arb_lost
tb_top_APB_I2C_master.DUT_a.u_mst_ctrl_fsm.mst_ctrl_fsm_twsr_d_sel[4]
tb_top_APB_I2C_master.DUT_a.u_mst_ctrl_fsm.mst_ctrl_fsm_twdr_mode[2]
tb_top_APB_I2C_master.DUT_a.u_mst_ctrl_fsm.pstate[4]
tb_top_APB_I2C_master.DUT_a.u_mst_ctrl_fsm.nstate[4]
tb_top_APB_I2C_master.DUT_a.u_mst_ctrl_fsm.u_present_state_register.clk
tb_top_APB_I2C_master.DUT_a.u_mst_ctrl_fsm.u_present_state_register.resetn
tb_top_APB_I2C_master.DUT_a.u_mst_ctrl_fsm.u_present_state_register.en
tb_top_APB_I2C_master.DUT_a.u_tx_rx_shift_reg_nbit.clk
tb_top_APB_I2C_master.DUT_a.u_tx_rx_shift_reg_nbit.resetn
tb_top_APB_I2C_master.DUT_a.u_tx_rx_shift_reg_nbit.sin
tb_top_APB_I2C_master.DUT_a.u_bit_counter_nbit.clk
tb_top_APB_I2C_master.DUT_a.u_bit_counter_nbit.resetn
tb_top_APB_I2C_master.DUT_a.u_bit_counter_nbit.up_down
tb_top_APB_I2C_master.DUT_a.u_bit_counter_nbit.enable
tb_top_APB_I2C_master.DUT_a.u_bit_counter_nbit.preload
tb_top_APB_I2C_master.DUT_a.u_bit_counter_nbit.load_value[0]
tb_top_APB_I2C_master.DUT_a.u_bit_counter_nbit.load_value[1]
tb_top_APB_I2C_master.DUT_a.u_bit_counter_nbit.load_value[2]
tb_top_APB_I2C_master.DUT_a.u_bit_count_comparator.a[0]
tb_top_APB_I2C_master.DUT_a.u_bit_count_comparator.a[1]
tb_top_APB_I2C_master.DUT_a.u_bit_count_comparator.a[2]
tb_top_APB_I2C_master.DUT_a.u_edge_det.pclk
tb_top_APB_I2C_master.DUT_a.u_edge_det.presetn
tb_top_APB_I2C_master.DUT_a.u_edge_det.clk_in
tb_top_APB_I2C_master.DUT_a.u_edge_det.edge_det_en
tb_top_APB_I2C_master.DUT_a.u_edge_det.u_dff_store_previous_level.clk
tb_top_APB_I2C_master.DUT_a.u_edge_det.u_dff_store_previous_level.resetn
tb_top_APB_I2C_master.DUT_a.u_edge_det.u_dff_store_previous_level.en
tb_top_APB_I2C_master.DUT_a.u_edge_det.u_dff_store_previous_level.d
tb_top_APB_I2C_master.DUT_a.u_sta_sto_gen.u_mux41_sda_gen.i0
tb_top_APB_I2C_master.DUT_a.u_sta_sto_gen.u_mux41_sda_gen.i3
tb_top_APB_I2C_master.DUT_a.u_sta_sto_gen.u_mux41_scl_gen.i0
tb_top_APB_I2C_master.DUT_a.u_sta_sto_gen.u_mux41_scl_gen.i3
tb_top_APB_I2C_master.DUT_a.u_scl_gen.pclk
tb_top_APB_I2C_master.DUT_a.u_scl_gen.presetn
tb_top_APB_I2C_master.DUT_a.u_scl_gen.scl_gen_flop_en
tb_top_APB_I2C_master.DUT_a.u_scl_gen.scl_pad_i
tb_top_APB_I2C_master.DUT_a.u_scl_gen.cntr_mask
tb_top_APB_I2C_master.DUT_a.u_scl_gen.cntr_val[14]
tb_top_APB_I2C_master.DUT_a.u_scl_gen.cntr_val[15]
tb_top_APB_I2C_master.DUT_a.u_scl_gen.cntr_val_start[15]
tb_top_APB_I2C_master.DUT_a.u_scl_gen.cntr_val_start[16]
tb_top_APB_I2C_master.DUT_a.u_scl_gen.m1[0]
tb_top_APB_I2C_master.DUT_a.u_scl_gen.m2[0]
tb_top_APB_I2C_master.DUT_a.u_scl_gen.m2[15]
tb_top_APB_I2C_master.DUT_a.u_scl_gen.h1[0]
tb_top_APB_I2C_master.DUT_a.u_scl_gen.h2[0]
tb_top_APB_I2C_master.DUT_a.u_scl_gen.h2[15]
tb_top_APB_I2C_master.DUT_a.u_scl_gen.u_counter_nbit_scl_gen.clk
tb_top_APB_I2C_master.DUT_a.u_scl_gen.u_counter_nbit_scl_gen.resetn
tb_top_APB_I2C_master.DUT_a.u_scl_gen.u_counter_nbit_scl_gen.up_down
tb_top_APB_I2C_master.DUT_a.u_scl_gen.u_counter_nbit_scl_gen.preload
tb_top_APB_I2C_master.DUT_a.u_scl_gen.u_counter_nbit_scl_gen.load_value[0]
tb_top_APB_I2C_master.DUT_a.u_scl_gen.u_counter_nbit_scl_gen.load_value[1]
tb_top_APB_I2C_master.DUT_a.u_scl_gen.u_counter_nbit_scl_gen.load_value[2]
tb_top_APB_I2C_master.DUT_a.u_scl_gen.u_comparator_nbit_bit_cnt.a[0]
tb_top_APB_I2C_master.DUT_a.u_scl_gen.u_comparator_nbit_bit_cnt.a[1]
tb_top_APB_I2C_master.DUT_a.u_scl_gen.u_comparator_nbit_bit_cnt.a[2]
tb_top_APB_I2C_master.DUT_a.u_scl_gen.u_counter_nbit_start.clk
tb_top_APB_I2C_master.DUT_a.u_scl_gen.u_counter_nbit_start.resetn
tb_top_APB_I2C_master.DUT_a.u_scl_gen.u_counter_nbit_start.up_down
tb_top_APB_I2C_master.DUT_a.u_scl_gen.u_counter_nbit_start.preload
tb_top_APB_I2C_master.DUT_a.u_scl_gen.u_counter_nbit_start.load_value[0]
tb_top_APB_I2C_master.DUT_a.u_scl_gen.u_counter_nbit_start.load_value[1]
tb_top_APB_I2C_master.DUT_a.u_scl_gen.u_counter_nbit_start.load_value[2]
tb_top_APB_I2C_master.DUT_a.u_scl_gen.u_comparator_nbit_start.a[0]
tb_top_APB_I2C_master.DUT_a.u_scl_gen.u_comparator_nbit_start.a[1]
tb_top_APB_I2C_master.DUT_a.u_scl_gen.u_comparator_nbit_start.a[2]
tb_top_APB_I2C_master.DUT_a.u_scl_gen.u_barrel_shifter_nbit_2_into_twps.shift_by[0]
tb_top_APB_I2C_master.DUT_a.u_scl_gen.u_barrel_shifter_nbit_2_into_twps.shift_dir
tb_top_APB_I2C_master.DUT_a.u_scl_gen.u_barrel_shifter_nbit_2_into_twps.shifter_out[0]
tb_top_APB_I2C_master.DUT_a.u_scl_gen.u_half_adder_1_plus_m1.a[0]
tb_top_APB_I2C_master.DUT_a.u_scl_gen.u_half_adder_1_plus_m1.a[1]
tb_top_APB_I2C_master.DUT_a.u_scl_gen.u_half_adder_1_plus_m1.a[2]
tb_top_APB_I2C_master.DUT_a.u_scl_gen.u_half_adder_1_plus_m1.b[0]
tb_top_APB_I2C_master.DUT_a.u_scl_gen.u_half_adder_1_plus_m1.sum[0]
tb_top_APB_I2C_master.DUT_a.u_scl_gen.u_barrel_shifter_nbit_twbr_into_h1.shift_by[0]
tb_top_APB_I2C_master.DUT_a.u_scl_gen.u_barrel_shifter_nbit_twbr_into_h1.shift_dir
tb_top_APB_I2C_master.DUT_a.u_scl_gen.u_barrel_shifter_nbit_twbr_into_h1.shifter_out[0]
tb_top_APB_I2C_master.DUT_a.u_scl_gen.u_half_adder_16_plus_m2.a[0]
tb_top_APB_I2C_master.DUT_a.u_scl_gen.u_half_adder_16_plus_m2.a[1]
tb_top_APB_I2C_master.DUT_a.u_scl_gen.u_half_adder_16_plus_m2.a[2]
tb_top_APB_I2C_master.DUT_a.u_scl_gen.u_half_adder_16_plus_m2.b[0]
tb_top_APB_I2C_master.DUT_a.u_scl_gen.u_half_adder_16_plus_m2.sum[0]
tb_top_APB_I2C_master.DUT_a.u_scl_gen.u_scl_state_flop.clk
tb_top_APB_I2C_master.DUT_a.u_scl_gen.u_scl_state_flop.resetn
tb_top_APB_I2C_master.DUT_a.u_scl_gen.u_scl_state_flop.en
tb_top_APB_I2C_master.DUT_a.u_mux41_scl.i0
tb_top_APB_I2C_master.DUT_a.u_mux41_sda.i0
tb_top_APB_I2C_master.DUT_a.u_mux16_1_twsr_load.i0[0]
tb_top_APB_I2C_master.DUT_a.u_mux16_1_twsr_load.i0[1]
tb_top_APB_I2C_master.DUT_a.u_mux16_1_twsr_load.i0[2]
tb_top_APB_I2C_master.DUT_a.u_mux16_1_twsr_load.i0[3]
tb_top_APB_I2C_master.DUT_a.u_mux16_1_twsr_load.i0[4]
tb_top_APB_I2C_master.DUT_a.u_mux16_1_twsr_load.i0[5]
tb_top_APB_I2C_master.DUT_a.u_mux16_1_twsr_load.i0[6]
tb_top_APB_I2C_master.DUT_a.u_mux16_1_twsr_load.i0[7]
tb_top_APB_I2C_master.DUT_a.u_mux16_1_twsr_load.i1[0]
tb_top_APB_I2C_master.DUT_a.u_mux16_1_twsr_load.i1[1]
tb_top_APB_I2C_master.DUT_a.u_mux16_1_twsr_load.i1[2]
tb_top_APB_I2C_master.DUT_a.u_mux16_1_twsr_load.i1[3]
tb_top_APB_I2C_master.DUT_a.u_mux16_1_twsr_load.i1[4]
tb_top_APB_I2C_master.DUT_a.u_mux16_1_twsr_load.i1[5]
tb_top_APB_I2C_master.DUT_a.u_mux16_1_twsr_load.i1[6]
tb_top_APB_I2C_master.DUT_a.u_mux16_1_twsr_load.i1[7]
tb_top_APB_I2C_master.DUT_a.u_mux16_1_twsr_load.i2[0]
tb_top_APB_I2C_master.DUT_a.u_mux16_1_twsr_load.i2[1]
tb_top_APB_I2C_master.DUT_a.u_mux16_1_twsr_load.i2[2]
tb_top_APB_I2C_master.DUT_a.u_mux16_1_twsr_load.i2[3]
tb_top_APB_I2C_master.DUT_a.u_mux16_1_twsr_load.i2[4]
tb_top_APB_I2C_master.DUT_a.u_mux16_1_twsr_load.i2[5]
tb_top_APB_I2C_master.DUT_a.u_mux16_1_twsr_load.i2[6]
tb_top_APB_I2C_master.DUT_a.u_mux16_1_twsr_load.i2[7]
tb_top_APB_I2C_master.DUT_a.u_mux16_1_twsr_load.i3[0]
tb_top_APB_I2C_master.DUT_a.u_mux16_1_twsr_load.i3[1]
tb_top_APB_I2C_master.DUT_a.u_mux16_1_twsr_load.i3[2]
tb_top_APB_I2C_master.DUT_a.u_mux16_1_twsr_load.i3[3]
tb_top_APB_I2C_master.DUT_a.u_mux16_1_twsr_load.i3[4]
tb_top_APB_I2C_master.DUT_a.u_mux16_1_twsr_load.i3[5]
tb_top_APB_I2C_master.DUT_a.u_mux16_1_twsr_load.i3[6]
tb_top_APB_I2C_master.DUT_a.u_mux16_1_twsr_load.i3[7]
tb_top_APB_I2C_master.DUT_a.u_mux16_1_twsr_load.i4[0]
tb_top_APB_I2C_master.DUT_a.u_mux16_1_twsr_load.i4[1]
tb_top_APB_I2C_master.DUT_a.u_mux16_1_twsr_load.i4[2]
tb_top_APB_I2C_master.DUT_a.u_mux16_1_twsr_load.i4[3]
tb_top_APB_I2C_master.DUT_a.u_mux16_1_twsr_load.i4[4]
tb_top_APB_I2C_master.DUT_a.u_mux16_1_twsr_load.i4[5]
tb_top_APB_I2C_master.DUT_a.u_mux16_1_twsr_load.i4[6]
tb_top_APB_I2C_master.DUT_a.u_mux16_1_twsr_load.i4[7]
tb_top_APB_I2C_master.DUT_a.u_mux16_1_twsr_load.i5[0]
tb_top_APB_I2C_master.DUT_a.u_mux16_1_twsr_load.i5[1]
tb_top_APB_I2C_master.DUT_a.u_mux16_1_twsr_load.i5[2]
tb_top_APB_I2C_master.DUT_a.u_mux16_1_twsr_load.i5[3]
tb_top_APB_I2C_master.DUT_a.u_mux16_1_twsr_load.i5[4]
tb_top_APB_I2C_master.DUT_a.u_mux16_1_twsr_load.i5[5]
tb_top_APB_I2C_master.DUT_a.u_mux16_1_twsr_load.i5[6]
tb_top_APB_I2C_master.DUT_a.u_mux16_1_twsr_load.i5[7]
tb_top_APB_I2C_master.DUT_a.u_mux16_1_twsr_load.i6[0]
tb_top_APB_I2C_master.DUT_a.u_mux16_1_twsr_load.i6[1]
tb_top_APB_I2C_master.DUT_a.u_mux16_1_twsr_load.i6[2]
tb_top_APB_I2C_master.DUT_a.u_mux16_1_twsr_load.i6[3]
tb_top_APB_I2C_master.DUT_a.u_mux16_1_twsr_load.i6[4]
tb_top_APB_I2C_master.DUT_a.u_mux16_1_twsr_load.i6[5]
tb_top_APB_I2C_master.DUT_a.u_mux16_1_twsr_load.i6[6]
tb_top_APB_I2C_master.DUT_a.u_mux16_1_twsr_load.i6[7]
tb_top_APB_I2C_master.DUT_a.u_mux16_1_twsr_load.i7[0]
tb_top_APB_I2C_master.DUT_a.u_mux16_1_twsr_load.i7[1]
tb_top_APB_I2C_master.DUT_a.u_mux16_1_twsr_load.i7[2]
tb_top_APB_I2C_master.DUT_a.u_mux16_1_twsr_load.i7[3]
tb_top_APB_I2C_master.DUT_a.u_mux16_1_twsr_load.i7[4]
tb_top_APB_I2C_master.DUT_a.u_mux16_1_twsr_load.i7[5]
tb_top_APB_I2C_master.DUT_a.u_mux16_1_twsr_load.i7[6]
tb_top_APB_I2C_master.DUT_a.u_mux16_1_twsr_load.i7[7]
tb_top_APB_I2C_master.DUT_a.u_mux16_1_twsr_load.i8[0]
tb_top_APB_I2C_master.DUT_a.u_mux16_1_twsr_load.i8[1]
tb_top_APB_I2C_master.DUT_a.u_mux16_1_twsr_load.i8[2]
tb_top_APB_I2C_master.DUT_a.u_mux16_1_twsr_load.i8[3]
tb_top_APB_I2C_master.DUT_a.u_mux16_1_twsr_load.i8[4]
tb_top_APB_I2C_master.DUT_a.u_mux16_1_twsr_load.i8[5]
tb_top_APB_I2C_master.DUT_a.u_mux16_1_twsr_load.i8[6]
tb_top_APB_I2C_master.DUT_a.u_mux16_1_twsr_load.i8[7]
tb_top_APB_I2C_master.DUT_a.u_mux16_1_twsr_load.i9[0]
tb_top_APB_I2C_master.DUT_a.u_mux16_1_twsr_load.i9[1]
tb_top_APB_I2C_master.DUT_a.u_mux16_1_twsr_load.i9[2]
tb_top_APB_I2C_master.DUT_a.u_mux16_1_twsr_load.i9[3]
tb_top_APB_I2C_master.DUT_a.u_mux16_1_twsr_load.i9[4]
tb_top_APB_I2C_master.DUT_a.u_mux16_1_twsr_load.i9[5]
tb_top_APB_I2C_master.DUT_a.u_mux16_1_twsr_load.i9[6]
tb_top_APB_I2C_master.DUT_a.u_mux16_1_twsr_load.i9[7]
tb_top_APB_I2C_master.DUT_a.u_mux16_1_twsr_load.i10[0]
tb_top_APB_I2C_master.DUT_a.u_mux16_1_twsr_load.i10[1]
tb_top_APB_I2C_master.DUT_a.u_mux16_1_twsr_load.i10[2]
tb_top_APB_I2C_master.DUT_a.u_mux16_1_twsr_load.i10[3]
tb_top_APB_I2C_master.DUT_a.u_mux16_1_twsr_load.i10[4]
tb_top_APB_I2C_master.DUT_a.u_mux16_1_twsr_load.i10[5]
tb_top_APB_I2C_master.DUT_a.u_mux16_1_twsr_load.i10[6]
tb_top_APB_I2C_master.DUT_a.u_mux16_1_twsr_load.i10[7]
tb_top_APB_I2C_master.DUT_a.u_mux16_1_twsr_load.i11[0]
tb_top_APB_I2C_master.DUT_a.u_mux16_1_twsr_load.i11[1]
tb_top_APB_I2C_master.DUT_a.u_mux16_1_twsr_load.i11[2]
tb_top_APB_I2C_master.DUT_a.u_mux16_1_twsr_load.i11[3]
tb_top_APB_I2C_master.DUT_a.u_mux16_1_twsr_load.i11[4]
tb_top_APB_I2C_master.DUT_a.u_mux16_1_twsr_load.i11[5]
tb_top_APB_I2C_master.DUT_a.u_mux16_1_twsr_load.i11[6]
tb_top_APB_I2C_master.DUT_a.u_mux16_1_twsr_load.i11[7]
tb_top_APB_I2C_master.DUT_a.u_mux16_1_twsr_load.i12[0]
tb_top_APB_I2C_master.DUT_a.u_mux16_1_twsr_load.i12[1]
tb_top_APB_I2C_master.DUT_a.u_mux16_1_twsr_load.i12[2]
tb_top_APB_I2C_master.DUT_a.u_mux16_1_twsr_load.i12[3]
tb_top_APB_I2C_master.DUT_a.u_mux16_1_twsr_load.i12[4]
tb_top_APB_I2C_master.DUT_a.u_mux16_1_twsr_load.i12[5]
tb_top_APB_I2C_master.DUT_a.u_mux16_1_twsr_load.i12[6]
tb_top_APB_I2C_master.DUT_a.u_mux16_1_twsr_load.i12[7]
tb_top_APB_I2C_master.DUT_a.u_mux16_1_twsr_load.i13[0]
tb_top_APB_I2C_master.DUT_a.u_mux16_1_twsr_load.i13[1]
tb_top_APB_I2C_master.DUT_a.u_mux16_1_twsr_load.i13[2]
tb_top_APB_I2C_master.DUT_a.u_mux16_1_twsr_load.i13[3]
tb_top_APB_I2C_master.DUT_a.u_mux16_1_twsr_load.i13[4]
tb_top_APB_I2C_master.DUT_a.u_mux16_1_twsr_load.i13[5]
tb_top_APB_I2C_master.DUT_a.u_mux16_1_twsr_load.i13[6]
tb_top_APB_I2C_master.DUT_a.u_mux16_1_twsr_load.i13[7]
tb_top_APB_I2C_master.DUT_a.u_mux16_1_twsr_load.i14[0]
tb_top_APB_I2C_master.DUT_a.u_mux16_1_twsr_load.i14[1]
tb_top_APB_I2C_master.DUT_a.u_mux16_1_twsr_load.i14[2]
tb_top_APB_I2C_master.DUT_a.u_mux16_1_twsr_load.i14[3]
tb_top_APB_I2C_master.DUT_a.u_mux16_1_twsr_load.i14[4]
tb_top_APB_I2C_master.DUT_a.u_mux16_1_twsr_load.i14[5]
tb_top_APB_I2C_master.DUT_a.u_mux16_1_twsr_load.i14[6]
tb_top_APB_I2C_master.DUT_a.u_mux16_1_twsr_load.i14[7]
tb_top_APB_I2C_master.DUT_a.u_mux16_1_twsr_load.i15[0]
tb_top_APB_I2C_master.DUT_a.u_mux16_1_twsr_load.i15[1]
tb_top_APB_I2C_master.DUT_a.u_mux16_1_twsr_load.i15[2]
tb_top_APB_I2C_master.DUT_a.u_mux16_1_twsr_load.i15[3]
tb_top_APB_I2C_master.DUT_a.u_mux16_1_twsr_load.i15[4]
tb_top_APB_I2C_master.DUT_a.u_mux16_1_twsr_load.i15[5]
tb_top_APB_I2C_master.DUT_a.u_mux16_1_twsr_load.i15[6]
tb_top_APB_I2C_master.DUT_a.u_mux16_1_twsr_load.i15[7]
tb_top_APB_I2C_master.DUT_a.u_mux16_1_twsr_load.out[0]
tb_top_APB_I2C_master.DUT_a.u_mux16_1_twsr_load.out[1]
tb_top_APB_I2C_master.DUT_a.u_mux16_1_twsr_load.out[2]
tb_top_APB_I2C_master.DUT_a.u_dff_store_start_flag.clk
tb_top_APB_I2C_master.DUT_a.u_dff_store_start_flag.resetn
tb_top_APB_I2C_master.DUT_a.u_dff_store_start_flag.en
tb_top_APB_I2C_master.DUT_a.u_dff_store_rw_flag.clk
tb_top_APB_I2C_master.DUT_a.u_dff_store_rw_flag.resetn
tb_top_APB_I2C_master.DUT_a.u_dff_store_rw_flag.en
tb_top_APB_I2C_master.DUT_a.u_dff_store_ack_flag.clk
tb_top_APB_I2C_master.DUT_a.u_dff_store_ack_flag.resetn
tb_top_APB_I2C_master.DUT_a.u_dff_store_ack_flag.en
tb_top_APB_I2C_master.DUT_a.u_dff_store_repeat_flag.clk
tb_top_APB_I2C_master.DUT_a.u_dff_store_repeat_flag.resetn
tb_top_APB_I2C_master.DUT_a.u_dff_store_repeat_flag.en
